[0.061s] Invoking command in '/home/pitosalas/linorobot2_hardware/firmware/build/my_custom_message': CMAKE_PREFIX_PATH=${CMAKE_PREFIX_PATH}:/home/pitosalas/linorobot2_ws/install/dome:/opt/ros/jazzy PS1=[\h:\w] /usr/bin/cmake /home/pitosalas/linorobot2_hardware/firmware/extra_packages/my_custom_message -DAMENT_CMAKE_SYMLINK_INSTALL=1 -DCMAKE_INSTALL_PREFIX=/home/pitosalas/linorobot2_hardware/firmware/install/my_custom_message
[1.091s] -- The C compiler identification is GNU 13.3.0
[1.954s] -- The CXX compiler identification is GNU 13.3.0
[2.054s] -- Detecting C compiler ABI info
[2.622s] -- Detecting C compiler ABI info - done
[2.658s] -- Check for working C compiler: /usr/bin/cc - skipped
[2.659s] -- Detecting C compile features
[2.661s] -- Detecting C compile features - done
[2.721s] -- Detecting CXX compiler ABI info
[3.316s] -- Detecting CXX compiler ABI info - done
[3.361s] -- Check for working CXX compiler: /usr/bin/c++ - skipped
[3.362s] -- Detecting CXX compile features
[3.365s] -- Detecting CXX compile features - done
[3.456s] -- Found ament_cmake: 2.5.3 (/opt/ros/jazzy/share/ament_cmake/cmake)
[4.509s] -- Found Python3: /usr/bin/python3 (found version "3.12.3") found components: Interpreter 
[4.867s] -- Override CMake install command with custom implementation using symlinks instead of copying resources
[5.772s] -- Found ament_lint_auto: 0.17.1 (/opt/ros/jazzy/share/ament_lint_auto/cmake)
[6.800s] -- Found rosidl_default_generators: 1.6.0 (/opt/ros/jazzy/share/rosidl_default_generators/cmake)
[6.941s] -- Using all available rosidl_typesupport_c: rosidl_typesupport_fastrtps_c;rosidl_typesupport_introspection_c
[7.797s] -- Using all available rosidl_typesupport_cpp: rosidl_typesupport_fastrtps_cpp;rosidl_typesupport_introspection_cpp
[8.478s] -- Found rosidl_adapter: 4.6.5 (/opt/ros/jazzy/share/rosidl_adapter/cmake)
[10.915s] -- Found ament_cmake_ros: 0.12.0 (/opt/ros/jazzy/share/ament_cmake_ros/cmake)
[13.182s] -- Using all available rosidl_typesupport_c: rosidl_typesupport_fastrtps_c;rosidl_typesupport_introspection_c
[15.944s] -- Using all available rosidl_typesupport_cpp: rosidl_typesupport_fastrtps_cpp;rosidl_typesupport_introspection_cpp
[16.010s] -- Found python_cmake_module: 0.11.1 (/opt/ros/jazzy/share/python_cmake_module/cmake)
[16.681s] -- Found PythonExtra: /usr/bin/python3  
[18.810s] -- Found Python3: /usr/bin/python3 (found version "3.12.3") found components: Interpreter Development NumPy Development.Module Development.Embed 
[19.002s] -- Added test 'copyright' to check source files copyright and LICENSE
[19.020s] -- Added test 'lint_cmake' to check CMake code style
[19.033s] -- Added test 'xmllint' to check XML markup files
[19.089s] -- Configuring done (19.0s)
[19.279s] -- Generating done (0.2s)
[19.327s] -- Build files have been written to: /home/pitosalas/linorobot2_hardware/firmware/build/my_custom_message
[19.351s] Invoked command in '/home/pitosalas/linorobot2_hardware/firmware/build/my_custom_message' returned '0': CMAKE_PREFIX_PATH=${CMAKE_PREFIX_PATH}:/home/pitosalas/linorobot2_ws/install/dome:/opt/ros/jazzy PS1=[\h:\w] /usr/bin/cmake /home/pitosalas/linorobot2_hardware/firmware/extra_packages/my_custom_message -DAMENT_CMAKE_SYMLINK_INSTALL=1 -DCMAKE_INSTALL_PREFIX=/home/pitosalas/linorobot2_hardware/firmware/install/my_custom_message
[19.358s] Invoking command in '/home/pitosalas/linorobot2_hardware/firmware/build/my_custom_message': CMAKE_PREFIX_PATH=${CMAKE_PREFIX_PATH}:/home/pitosalas/linorobot2_ws/install/dome:/opt/ros/jazzy PS1=[\h:\w] /usr/bin/cmake --build /home/pitosalas/linorobot2_hardware/firmware/build/my_custom_message -- -j4 -l4
[19.712s] [  2%] [34m[1mGenerating type hashes for ROS interfaces[0m
[19.786s] [  2%] Built target ament_cmake_python_symlink_my_custom_message
[20.959s] [  2%] Built target my_custom_message__rosidl_generator_type_description
[21.031s] [  5%] [34m[1mGenerating C code for ROS interfaces[0m
[21.121s] [  8%] [34m[1mGenerating C++ code for ROS interfaces[0m
[21.631s] running egg_info
[21.635s] creating my_custom_message.egg-info
[21.785s] writing my_custom_message.egg-info/PKG-INFO
[21.787s] writing dependency_links to my_custom_message.egg-info/dependency_links.txt
[21.789s] writing top-level names to my_custom_message.egg-info/top_level.txt
[21.790s] writing manifest file 'my_custom_message.egg-info/SOURCES.txt'
[22.181s] reading manifest file 'my_custom_message.egg-info/SOURCES.txt'
[22.183s] writing manifest file 'my_custom_message.egg-info/SOURCES.txt'
[22.404s] [  8%] Built target ament_cmake_python_build_my_custom_message_egg
[22.699s] [ 11%] [32mBuilding C object CMakeFiles/my_custom_message__rosidl_generator_c.dir/rosidl_generator_c/my_custom_message/msg/detail/my_custom_message__description.c.o[0m
[22.703s] [ 14%] [32mBuilding C object CMakeFiles/my_custom_message__rosidl_generator_c.dir/rosidl_generator_c/my_custom_message/msg/detail/my_custom_message__functions.c.o[0m
[22.727s] [ 17%] [32mBuilding C object CMakeFiles/my_custom_message__rosidl_generator_c.dir/rosidl_generator_c/my_custom_message/msg/detail/my_custom_message__type_support.c.o[0m
[22.735s] [ 17%] Built target my_custom_message__cpp
[23.063s] [ 20%] [32m[1mLinking C shared library libmy_custom_message__rosidl_generator_c.so[0m
[23.283s] [ 20%] Built target my_custom_message__rosidl_generator_c
[23.360s] [ 26%] [34m[1mGenerating C++ introspection for ROS interfaces[0m
[23.361s] [ 29%] [34m[1mGenerating C++ type support dispatch for ROS interfaces[0m
[23.364s] [ 29%] [34m[1mGenerating C++ type support for eProsima Fast-RTPS[0m
[23.365s] [ 32%] [34m[1mGenerating C type support for eProsima Fast-RTPS[0m
[24.777s] [ 35%] [32mBuilding CXX object CMakeFiles/my_custom_message__rosidl_typesupport_cpp.dir/rosidl_typesupport_cpp/my_custom_message/msg/my_custom_message__type_support.cpp.o[0m
[24.880s] [ 38%] [32mBuilding CXX object CMakeFiles/my_custom_message__rosidl_typesupport_introspection_cpp.dir/rosidl_typesupport_introspection_cpp/my_custom_message/msg/detail/my_custom_message__type_support.cpp.o[0m
[25.055s] [ 41%] [32mBuilding CXX object CMakeFiles/my_custom_message__rosidl_typesupport_fastrtps_c.dir/rosidl_typesupport_fastrtps_c/my_custom_message/msg/detail/my_custom_message__type_support_c.cpp.o[0m
[25.063s] [ 44%] [32mBuilding CXX object CMakeFiles/my_custom_message__rosidl_typesupport_fastrtps_cpp.dir/rosidl_typesupport_fastrtps_cpp/my_custom_message/msg/detail/dds_fastrtps/my_custom_message__type_support.cpp.o[0m
[27.007s] [ 47%] [32m[1mLinking CXX shared library libmy_custom_message__rosidl_typesupport_cpp.so[0m
[27.057s] [ 50%] [32m[1mLinking CXX shared library libmy_custom_message__rosidl_typesupport_introspection_cpp.so[0m
[27.322s] [ 50%] Built target my_custom_message__rosidl_typesupport_cpp
[27.363s] [ 50%] Built target my_custom_message__rosidl_typesupport_introspection_cpp
[27.409s] [ 52%] [34m[1mGenerating C introspection for ROS interfaces[0m
[27.466s] [ 55%] [34m[1mGenerating C type support dispatch for ROS interfaces[0m
[28.511s] [ 58%] [32m[1mLinking CXX shared library libmy_custom_message__rosidl_typesupport_fastrtps_c.so[0m
[28.512s] [ 61%] [32m[1mLinking CXX shared library libmy_custom_message__rosidl_typesupport_fastrtps_cpp.so[0m
[28.925s] [ 61%] Built target my_custom_message__rosidl_typesupport_fastrtps_cpp
[28.930s] [ 61%] Built target my_custom_message__rosidl_typesupport_fastrtps_c
[28.988s] [ 64%] [32mBuilding CXX object CMakeFiles/my_custom_message__rosidl_typesupport_c.dir/rosidl_typesupport_c/my_custom_message/msg/my_custom_message__type_support.cpp.o[0m
[29.042s] [ 67%] [32mBuilding C object CMakeFiles/my_custom_message__rosidl_typesupport_introspection_c.dir/rosidl_typesupport_introspection_c/my_custom_message/msg/detail/my_custom_message__type_support.c.o[0m
[29.228s] [ 70%] [32m[1mLinking CXX shared library libmy_custom_message__rosidl_typesupport_c.so[0m
[29.254s] [ 73%] [32m[1mLinking C shared library libmy_custom_message__rosidl_typesupport_introspection_c.so[0m
[29.446s] [ 73%] Built target my_custom_message__rosidl_typesupport_introspection_c
[29.454s] [ 73%] Built target my_custom_message__rosidl_typesupport_c
[29.589s] [ 73%] Built target my_custom_message
[29.722s] [ 76%] [34m[1mGenerating Python code for ROS interfaces[0m
[31.126s] [ 76%] Built target my_custom_message__py
[31.267s] [ 79%] [32mBuilding C object CMakeFiles/my_custom_message__rosidl_generator_py.dir/rosidl_generator_py/my_custom_message/msg/_my_custom_message_s.c.o[0m
[31.993s] [ 82%] [32m[1mLinking C shared library libmy_custom_message__rosidl_generator_py.so[0m
[32.232s] [ 82%] Built target my_custom_message__rosidl_generator_py
[32.374s] [ 88%] [32mBuilding C object CMakeFiles/my_custom_message_s__rosidl_typesupport_fastrtps_c.dir/rosidl_generator_py/my_custom_message/_my_custom_message_s.ep.rosidl_typesupport_fastrtps_c.c.o[0m
[32.375s] [ 88%] [32mBuilding C object CMakeFiles/my_custom_message_s__rosidl_typesupport_introspection_c.dir/rosidl_generator_py/my_custom_message/_my_custom_message_s.ep.rosidl_typesupport_introspection_c.c.o[0m
[32.377s] [ 91%] [32mBuilding C object CMakeFiles/my_custom_message_s__rosidl_typesupport_c.dir/rosidl_generator_py/my_custom_message/_my_custom_message_s.ep.rosidl_typesupport_c.c.o[0m
[32.903s] [ 94%] [32m[1mLinking C shared module rosidl_generator_py/my_custom_message/my_custom_message_s__rosidl_typesupport_c.so[0m
[32.914s] [ 97%] [32m[1mLinking C shared module rosidl_generator_py/my_custom_message/my_custom_message_s__rosidl_typesupport_introspection_c.so[0m
[32.946s] [100%] [32m[1mLinking C shared module rosidl_generator_py/my_custom_message/my_custom_message_s__rosidl_typesupport_fastrtps_c.so[0m
[33.112s] [100%] Built target my_custom_message_s__rosidl_typesupport_c
[33.116s] [100%] Built target my_custom_message_s__rosidl_typesupport_introspection_c
[33.150s] [100%] Built target my_custom_message_s__rosidl_typesupport_fastrtps_c
[33.222s] Invoked command in '/home/pitosalas/linorobot2_hardware/firmware/build/my_custom_message' returned '0': CMAKE_PREFIX_PATH=${CMAKE_PREFIX_PATH}:/home/pitosalas/linorobot2_ws/install/dome:/opt/ros/jazzy PS1=[\h:\w] /usr/bin/cmake --build /home/pitosalas/linorobot2_hardware/firmware/build/my_custom_message -- -j4 -l4
[33.292s] Invoking command in '/home/pitosalas/linorobot2_hardware/firmware/build/my_custom_message': CMAKE_PREFIX_PATH=${CMAKE_PREFIX_PATH}:/home/pitosalas/linorobot2_ws/install/dome:/opt/ros/jazzy PS1=[\h:\w] /usr/bin/cmake --install /home/pitosalas/linorobot2_hardware/firmware/build/my_custom_message
[33.349s] -- Install configuration: ""
[33.351s] -- Execute custom install script
[33.353s] -- Symlinking: /home/pitosalas/linorobot2_hardware/firmware/install/my_custom_message/share/ament_index/resource_index/rosidl_interfaces/my_custom_message
[33.411s] -- Symlinking: /home/pitosalas/linorobot2_hardware/firmware/install/my_custom_message/share/my_custom_message/msg/MyCustomMessage.json
[33.471s] -- Symlinking: /home/pitosalas/linorobot2_hardware/firmware/install/my_custom_message/include/my_custom_message/my_custom_message/msg/detail/my_custom_message__functions.h
[33.531s] -- Symlinking: /home/pitosalas/linorobot2_hardware/firmware/install/my_custom_message/include/my_custom_message/my_custom_message/msg/detail/my_custom_message__struct.h
[33.588s] -- Symlinking: /home/pitosalas/linorobot2_hardware/firmware/install/my_custom_message/include/my_custom_message/my_custom_message/msg/detail/my_custom_message__type_support.h
[33.647s] -- Symlinking: /home/pitosalas/linorobot2_hardware/firmware/install/my_custom_message/include/my_custom_message/my_custom_message/msg/my_custom_message.h
[33.703s] -- Symlinking: /home/pitosalas/linorobot2_hardware/firmware/install/my_custom_message/include/my_custom_message/my_custom_message/msg/rosidl_generator_c__visibility_control.h
[33.762s] -- Symlinking: /home/pitosalas/linorobot2_hardware/firmware/install/my_custom_message/share/my_custom_message/environment/library_path.sh
[33.819s] -- Symlinking: /home/pitosalas/linorobot2_hardware/firmware/install/my_custom_message/share/my_custom_message/environment/library_path.dsv
[33.879s] -- Symlinking: /home/pitosalas/linorobot2_hardware/firmware/install/my_custom_message/include/my_custom_message/my_custom_message/msg/detail/my_custom_message__rosidl_typesupport_fastrtps_c.h
[33.935s] -- Symlinking: /home/pitosalas/linorobot2_hardware/firmware/install/my_custom_message/include/my_custom_message/my_custom_message/msg/rosidl_typesupport_fastrtps_c__visibility_control.h
[33.995s] -- Symlinking: /home/pitosalas/linorobot2_hardware/firmware/install/my_custom_message/include/my_custom_message/my_custom_message/msg/detail/my_custom_message__rosidl_typesupport_introspection_c.h
[34.052s] -- Symlinking: /home/pitosalas/linorobot2_hardware/firmware/install/my_custom_message/include/my_custom_message/my_custom_message/msg/rosidl_typesupport_introspection_c__visibility_control.h
[34.111s] -- Symlinking: /home/pitosalas/linorobot2_hardware/firmware/install/my_custom_message/include/my_custom_message/my_custom_message/msg/detail/my_custom_message__builder.hpp
[34.168s] -- Symlinking: /home/pitosalas/linorobot2_hardware/firmware/install/my_custom_message/include/my_custom_message/my_custom_message/msg/detail/my_custom_message__struct.hpp
[34.225s] -- Symlinking: /home/pitosalas/linorobot2_hardware/firmware/install/my_custom_message/include/my_custom_message/my_custom_message/msg/detail/my_custom_message__traits.hpp
[34.282s] -- Symlinking: /home/pitosalas/linorobot2_hardware/firmware/install/my_custom_message/include/my_custom_message/my_custom_message/msg/detail/my_custom_message__type_support.hpp
[34.340s] -- Symlinking: /home/pitosalas/linorobot2_hardware/firmware/install/my_custom_message/include/my_custom_message/my_custom_message/msg/my_custom_message.hpp
[34.397s] -- Symlinking: /home/pitosalas/linorobot2_hardware/firmware/install/my_custom_message/include/my_custom_message/my_custom_message/msg/rosidl_generator_cpp__visibility_control.hpp
[34.458s] -- Symlinking: /home/pitosalas/linorobot2_hardware/firmware/install/my_custom_message/include/my_custom_message/my_custom_message/msg/detail/my_custom_message__rosidl_typesupport_fastrtps_cpp.hpp
[34.516s] -- Symlinking: /home/pitosalas/linorobot2_hardware/firmware/install/my_custom_message/include/my_custom_message/my_custom_message/msg/rosidl_typesupport_fastrtps_cpp__visibility_control.h
[34.575s] -- Symlinking: /home/pitosalas/linorobot2_hardware/firmware/install/my_custom_message/include/my_custom_message/my_custom_message/msg/detail/my_custom_message__rosidl_typesupport_introspection_cpp.hpp
[34.633s] -- Symlinking: /home/pitosalas/linorobot2_hardware/firmware/install/my_custom_message/share/my_custom_message/environment/pythonpath.sh
[34.693s] -- Symlinking: /home/pitosalas/linorobot2_hardware/firmware/install/my_custom_message/share/my_custom_message/environment/pythonpath.dsv
[34.752s] -- Symlinking: /home/pitosalas/linorobot2_hardware/firmware/install/my_custom_message/lib/python3.12/site-packages/my_custom_message-0.0.0-py3.12.egg-info/PKG-INFO
[34.810s] -- Symlinking: /home/pitosalas/linorobot2_hardware/firmware/install/my_custom_message/lib/python3.12/site-packages/my_custom_message-0.0.0-py3.12.egg-info/SOURCES.txt
[34.866s] -- Symlinking: /home/pitosalas/linorobot2_hardware/firmware/install/my_custom_message/lib/python3.12/site-packages/my_custom_message-0.0.0-py3.12.egg-info/dependency_links.txt
[34.924s] -- Symlinking: /home/pitosalas/linorobot2_hardware/firmware/install/my_custom_message/lib/python3.12/site-packages/my_custom_message-0.0.0-py3.12.egg-info/top_level.txt
[34.985s] -- Symlinking: /home/pitosalas/linorobot2_hardware/firmware/install/my_custom_message/lib/python3.12/site-packages/my_custom_message/__init__.py
[35.044s] -- Symlinking: /home/pitosalas/linorobot2_hardware/firmware/install/my_custom_message/lib/python3.12/site-packages/my_custom_message/_my_custom_message_s.ep.rosidl_typesupport_c.c
[35.100s] -- Symlinking: /home/pitosalas/linorobot2_hardware/firmware/install/my_custom_message/lib/python3.12/site-packages/my_custom_message/_my_custom_message_s.ep.rosidl_typesupport_fastrtps_c.c
[35.157s] -- Symlinking: /home/pitosalas/linorobot2_hardware/firmware/install/my_custom_message/lib/python3.12/site-packages/my_custom_message/_my_custom_message_s.ep.rosidl_typesupport_introspection_c.c
[35.213s] -- Symlinking: /home/pitosalas/linorobot2_hardware/firmware/install/my_custom_message/lib/python3.12/site-packages/my_custom_message/msg/__init__.py
[35.271s] -- Symlinking: /home/pitosalas/linorobot2_hardware/firmware/install/my_custom_message/lib/python3.12/site-packages/my_custom_message/msg/_my_custom_message.py
[35.326s] -- Symlinking: /home/pitosalas/linorobot2_hardware/firmware/install/my_custom_message/lib/python3.12/site-packages/my_custom_message/msg/_my_custom_message_s.c
[35.384s] -- Symlinking: /home/pitosalas/linorobot2_hardware/firmware/install/my_custom_message/lib/python3.12/site-packages/my_custom_message/my_custom_message_s__rosidl_typesupport_c.so
[35.440s] -- Symlinking: /home/pitosalas/linorobot2_hardware/firmware/install/my_custom_message/lib/python3.12/site-packages/my_custom_message/my_custom_message_s__rosidl_typesupport_fastrtps_c.so
[35.500s] -- Symlinking: /home/pitosalas/linorobot2_hardware/firmware/install/my_custom_message/lib/python3.12/site-packages/my_custom_message/my_custom_message_s__rosidl_typesupport_introspection_c.so
[35.558s] -- Up-to-date symlink: /home/pitosalas/linorobot2_hardware/firmware/install/my_custom_message/lib/python3.12/site-packages/my_custom_message/my_custom_message_s__rosidl_typesupport_fastrtps_c.so
[35.559s] -- Up-to-date symlink: /home/pitosalas/linorobot2_hardware/firmware/install/my_custom_message/lib/python3.12/site-packages/my_custom_message/my_custom_message_s__rosidl_typesupport_introspection_c.so
[35.561s] -- Up-to-date symlink: /home/pitosalas/linorobot2_hardware/firmware/install/my_custom_message/lib/python3.12/site-packages/my_custom_message/my_custom_message_s__rosidl_typesupport_c.so
[35.562s] -- Symlinking: /home/pitosalas/linorobot2_hardware/firmware/install/my_custom_message/share/my_custom_message/msg/MyCustomMessage.idl
[35.619s] -- Symlinking: /home/pitosalas/linorobot2_hardware/firmware/install/my_custom_message/share/my_custom_message/msg/MyCustomMessage.msg
[35.677s] -- Symlinking: /home/pitosalas/linorobot2_hardware/firmware/install/my_custom_message/share/ament_index/resource_index/package_run_dependencies/my_custom_message
[35.736s] -- Symlinking: /home/pitosalas/linorobot2_hardware/firmware/install/my_custom_message/share/ament_index/resource_index/parent_prefix_path/my_custom_message
[35.793s] -- Symlinking: /home/pitosalas/linorobot2_hardware/firmware/install/my_custom_message/share/my_custom_message/environment/ament_prefix_path.sh
[35.852s] -- Symlinking: /home/pitosalas/linorobot2_hardware/firmware/install/my_custom_message/share/my_custom_message/environment/ament_prefix_path.dsv
[35.909s] -- Symlinking: /home/pitosalas/linorobot2_hardware/firmware/install/my_custom_message/share/my_custom_message/environment/path.sh
[35.966s] -- Symlinking: /home/pitosalas/linorobot2_hardware/firmware/install/my_custom_message/share/my_custom_message/environment/path.dsv
[36.023s] -- Symlinking: /home/pitosalas/linorobot2_hardware/firmware/install/my_custom_message/share/my_custom_message/local_setup.bash
[36.080s] -- Symlinking: /home/pitosalas/linorobot2_hardware/firmware/install/my_custom_message/share/my_custom_message/local_setup.sh
[36.154s] -- Symlinking: /home/pitosalas/linorobot2_hardware/firmware/install/my_custom_message/share/my_custom_message/local_setup.zsh
[36.215s] -- Symlinking: /home/pitosalas/linorobot2_hardware/firmware/install/my_custom_message/share/my_custom_message/local_setup.dsv
[36.272s] -- Symlinking: /home/pitosalas/linorobot2_hardware/firmware/install/my_custom_message/share/my_custom_message/package.dsv
[36.330s] -- Symlinking: /home/pitosalas/linorobot2_hardware/firmware/install/my_custom_message/share/ament_index/resource_index/packages/my_custom_message
[36.389s] -- Symlinking: /home/pitosalas/linorobot2_hardware/firmware/install/my_custom_message/share/my_custom_message/cmake/rosidl_cmake-extras.cmake
[36.447s] -- Symlinking: /home/pitosalas/linorobot2_hardware/firmware/install/my_custom_message/share/my_custom_message/cmake/ament_cmake_export_include_directories-extras.cmake
[36.503s] -- Symlinking: /home/pitosalas/linorobot2_hardware/firmware/install/my_custom_message/share/my_custom_message/cmake/ament_cmake_export_libraries-extras.cmake
[36.561s] -- Symlinking: /home/pitosalas/linorobot2_hardware/firmware/install/my_custom_message/share/my_custom_message/cmake/ament_cmake_export_targets-extras.cmake
[36.618s] -- Symlinking: /home/pitosalas/linorobot2_hardware/firmware/install/my_custom_message/share/my_custom_message/cmake/rosidl_cmake_export_typesupport_targets-extras.cmake
[36.676s] -- Symlinking: /home/pitosalas/linorobot2_hardware/firmware/install/my_custom_message/share/my_custom_message/cmake/ament_cmake_export_dependencies-extras.cmake
[36.732s] -- Symlinking: /home/pitosalas/linorobot2_hardware/firmware/install/my_custom_message/share/my_custom_message/cmake/rosidl_cmake_export_typesupport_libraries-extras.cmake
[36.789s] -- Symlinking: /home/pitosalas/linorobot2_hardware/firmware/install/my_custom_message/share/my_custom_message/cmake/my_custom_messageConfig.cmake
[36.848s] -- Symlinking: /home/pitosalas/linorobot2_hardware/firmware/install/my_custom_message/share/my_custom_message/cmake/my_custom_messageConfig-version.cmake
[36.905s] -- Symlinking: /home/pitosalas/linorobot2_hardware/firmware/install/my_custom_message/share/my_custom_message/package.xml
[36.961s] -- Installing: /home/pitosalas/linorobot2_hardware/firmware/install/my_custom_message/lib/libmy_custom_message__rosidl_generator_c.so
[36.965s] -- Set non-toolchain portion of runtime path of "/home/pitosalas/linorobot2_hardware/firmware/install/my_custom_message/lib/libmy_custom_message__rosidl_generator_c.so" to ""
[36.965s] -- Installing: /home/pitosalas/linorobot2_hardware/firmware/install/my_custom_message/lib/libmy_custom_message__rosidl_typesupport_fastrtps_c.so
[36.969s] -- Set non-toolchain portion of runtime path of "/home/pitosalas/linorobot2_hardware/firmware/install/my_custom_message/lib/libmy_custom_message__rosidl_typesupport_fastrtps_c.so" to ""
[36.970s] -- Installing: /home/pitosalas/linorobot2_hardware/firmware/install/my_custom_message/lib/libmy_custom_message__rosidl_typesupport_introspection_c.so
[36.974s] -- Set non-toolchain portion of runtime path of "/home/pitosalas/linorobot2_hardware/firmware/install/my_custom_message/lib/libmy_custom_message__rosidl_typesupport_introspection_c.so" to ""
[36.974s] -- Installing: /home/pitosalas/linorobot2_hardware/firmware/install/my_custom_message/lib/libmy_custom_message__rosidl_typesupport_c.so
[36.978s] -- Set non-toolchain portion of runtime path of "/home/pitosalas/linorobot2_hardware/firmware/install/my_custom_message/lib/libmy_custom_message__rosidl_typesupport_c.so" to ""
[36.978s] -- Installing: /home/pitosalas/linorobot2_hardware/firmware/install/my_custom_message/lib/libmy_custom_message__rosidl_typesupport_fastrtps_cpp.so
[36.982s] -- Set non-toolchain portion of runtime path of "/home/pitosalas/linorobot2_hardware/firmware/install/my_custom_message/lib/libmy_custom_message__rosidl_typesupport_fastrtps_cpp.so" to ""
[36.982s] -- Installing: /home/pitosalas/linorobot2_hardware/firmware/install/my_custom_message/lib/libmy_custom_message__rosidl_typesupport_introspection_cpp.so
[36.986s] -- Set non-toolchain portion of runtime path of "/home/pitosalas/linorobot2_hardware/firmware/install/my_custom_message/lib/libmy_custom_message__rosidl_typesupport_introspection_cpp.so" to ""
[36.987s] -- Installing: /home/pitosalas/linorobot2_hardware/firmware/install/my_custom_message/lib/libmy_custom_message__rosidl_typesupport_cpp.so
[36.990s] -- Set non-toolchain portion of runtime path of "/home/pitosalas/linorobot2_hardware/firmware/install/my_custom_message/lib/libmy_custom_message__rosidl_typesupport_cpp.so" to ""
[37.172s] Listing '/home/pitosalas/linorobot2_hardware/firmware/install/my_custom_message/lib/python3.12/site-packages/my_custom_message'...
[37.173s] Compiling '/home/pitosalas/linorobot2_hardware/firmware/install/my_custom_message/lib/python3.12/site-packages/my_custom_message/__init__.py'...
[37.174s] Listing '/home/pitosalas/linorobot2_hardware/firmware/install/my_custom_message/lib/python3.12/site-packages/my_custom_message/msg'...
[37.174s] Compiling '/home/pitosalas/linorobot2_hardware/firmware/install/my_custom_message/lib/python3.12/site-packages/my_custom_message/msg/__init__.py'...
[37.175s] Compiling '/home/pitosalas/linorobot2_hardware/firmware/install/my_custom_message/lib/python3.12/site-packages/my_custom_message/msg/_my_custom_message.py'...
[37.203s] -- Installing: /home/pitosalas/linorobot2_hardware/firmware/install/my_custom_message/lib/libmy_custom_message__rosidl_generator_py.so
[37.206s] -- Set non-toolchain portion of runtime path of "/home/pitosalas/linorobot2_hardware/firmware/install/my_custom_message/lib/libmy_custom_message__rosidl_generator_py.so" to ""
[37.206s] -- Installing: /home/pitosalas/linorobot2_hardware/firmware/install/my_custom_message/share/my_custom_message/cmake/export_my_custom_message__rosidl_generator_cExport.cmake
[37.208s] -- Installing: /home/pitosalas/linorobot2_hardware/firmware/install/my_custom_message/share/my_custom_message/cmake/export_my_custom_message__rosidl_generator_cExport-noconfig.cmake
[37.209s] -- Installing: /home/pitosalas/linorobot2_hardware/firmware/install/my_custom_message/share/my_custom_message/cmake/export_my_custom_message__rosidl_typesupport_fastrtps_cExport.cmake
[37.211s] -- Installing: /home/pitosalas/linorobot2_hardware/firmware/install/my_custom_message/share/my_custom_message/cmake/export_my_custom_message__rosidl_typesupport_fastrtps_cExport-noconfig.cmake
[37.213s] -- Installing: /home/pitosalas/linorobot2_hardware/firmware/install/my_custom_message/share/my_custom_message/cmake/my_custom_message__rosidl_typesupport_introspection_cExport.cmake
[37.214s] -- Installing: /home/pitosalas/linorobot2_hardware/firmware/install/my_custom_message/share/my_custom_message/cmake/my_custom_message__rosidl_typesupport_introspection_cExport-noconfig.cmake
[37.216s] -- Installing: /home/pitosalas/linorobot2_hardware/firmware/install/my_custom_message/share/my_custom_message/cmake/my_custom_message__rosidl_typesupport_cExport.cmake
[37.217s] -- Installing: /home/pitosalas/linorobot2_hardware/firmware/install/my_custom_message/share/my_custom_message/cmake/my_custom_message__rosidl_typesupport_cExport-noconfig.cmake
[37.219s] -- Installing: /home/pitosalas/linorobot2_hardware/firmware/install/my_custom_message/share/my_custom_message/cmake/export_my_custom_message__rosidl_generator_cppExport.cmake
[37.220s] -- Installing: /home/pitosalas/linorobot2_hardware/firmware/install/my_custom_message/share/my_custom_message/cmake/export_my_custom_message__rosidl_typesupport_fastrtps_cppExport.cmake
[37.222s] -- Installing: /home/pitosalas/linorobot2_hardware/firmware/install/my_custom_message/share/my_custom_message/cmake/export_my_custom_message__rosidl_typesupport_fastrtps_cppExport-noconfig.cmake
[37.223s] -- Installing: /home/pitosalas/linorobot2_hardware/firmware/install/my_custom_message/share/my_custom_message/cmake/my_custom_message__rosidl_typesupport_introspection_cppExport.cmake
[37.225s] -- Installing: /home/pitosalas/linorobot2_hardware/firmware/install/my_custom_message/share/my_custom_message/cmake/my_custom_message__rosidl_typesupport_introspection_cppExport-noconfig.cmake
[37.226s] -- Installing: /home/pitosalas/linorobot2_hardware/firmware/install/my_custom_message/share/my_custom_message/cmake/my_custom_message__rosidl_typesupport_cppExport.cmake
[37.228s] -- Installing: /home/pitosalas/linorobot2_hardware/firmware/install/my_custom_message/share/my_custom_message/cmake/my_custom_message__rosidl_typesupport_cppExport-noconfig.cmake
[37.229s] -- Installing: /home/pitosalas/linorobot2_hardware/firmware/install/my_custom_message/share/my_custom_message/cmake/export_my_custom_message__rosidl_generator_pyExport.cmake
[37.230s] -- Installing: /home/pitosalas/linorobot2_hardware/firmware/install/my_custom_message/share/my_custom_message/cmake/export_my_custom_message__rosidl_generator_pyExport-noconfig.cmake
[37.239s] Invoked command in '/home/pitosalas/linorobot2_hardware/firmware/build/my_custom_message' returned '0': CMAKE_PREFIX_PATH=${CMAKE_PREFIX_PATH}:/home/pitosalas/linorobot2_ws/install/dome:/opt/ros/jazzy PS1=[\h:\w] /usr/bin/cmake --install /home/pitosalas/linorobot2_hardware/firmware/build/my_custom_message
