[0.000000] (-) TimerEvent: {}
[0.002026] (my_custom_message) JobQueued: {'identifier': 'my_custom_message', 'dependencies': OrderedDict()}
[0.002613] (my_custom_message) JobStarted: {'identifier': 'my_custom_message'}
[0.052001] (my_custom_message) JobProgress: {'identifier': 'my_custom_message', 'progress': 'cmake'}
[0.054850] (my_custom_message) Command: {'cmd': ['/usr/bin/cmake', '/home/pitosalas/linorobot2_hardware/firmware/extra_packages/my_custom_message', '-DAMENT_CMAKE_SYMLINK_INSTALL=1', '-DCMAKE_INSTALL_PREFIX=/home/pitosalas/linorobot2_hardware/firmware/install/my_custom_message'], 'cwd': '/home/pitosalas/linorobot2_hardware/firmware/build/my_custom_message', 'env': OrderedDict({'LINOROBOT2_BASE': '2wd', 'TMUX': '/tmp/tmux-1000/default,1354,0', 'USER': 'pitosalas', 'SSH_CLIENT': '192.168.5.76 60890 22', 'GZ_CONFIG_PATH': '/opt/ros/jazzy/opt/gz_sim_vendor/share/gz:/opt/ros/jazzy/opt/sdformat_vendor/share/gz:/opt/ros/jazzy/opt/gz_gui_vendor/share/gz:/opt/ros/jazzy/opt/gz_transport_vendor/share/gz:/opt/ros/jazzy/opt/gz_rendering_vendor/share/gz:/opt/ros/jazzy/opt/gz_plugin_vendor/share/gz:/opt/ros/jazzy/opt/gz_fuel_tools_vendor/share/gz:/opt/ros/jazzy/opt/gz_msgs_vendor/share/gz:/opt/ros/jazzy/opt/gz_common_vendor/share/gz', 'XDG_SESSION_TYPE': 'tty', 'MCFLY_HISTFILE': '/home/pitosalas/.bash_history', 'SHLVL': '2', 'LD_LIBRARY_PATH': '/home/pitosalas/uros_ws/install/micro_ros_agent/lib:/home/pitosalas/uros_ws/install/micro_ros_msgs/lib:/opt/ros/jazzy/opt/gz_sim_vendor/lib:/opt/ros/jazzy/opt/gz_sensors_vendor/lib:/opt/ros/jazzy/opt/gz_physics_vendor/lib:/opt/ros/jazzy/opt/sdformat_vendor/lib:/opt/ros/jazzy/opt/rviz_ogre_vendor/lib:/opt/ros/jazzy/lib/aarch64-linux-gnu:/opt/ros/jazzy/opt/gz_gui_vendor/lib:/opt/ros/jazzy/opt/gz_transport_vendor/lib:/opt/ros/jazzy/opt/gz_rendering_vendor/lib:/opt/ros/jazzy/opt/gz_plugin_vendor/lib:/opt/ros/jazzy/opt/gz_fuel_tools_vendor/lib:/opt/ros/jazzy/opt/gz_msgs_vendor/lib:/opt/ros/jazzy/opt/gz_common_vendor/lib:/opt/ros/jazzy/opt/gz_math_vendor/lib:/opt/ros/jazzy/opt/gz_utils_vendor/lib:/opt/ros/jazzy/opt/gz_tools_vendor/lib:/opt/ros/jazzy/opt/gz_ogre_next_vendor/lib:/opt/ros/jazzy/opt/gz_dartsim_vendor/lib:/opt/ros/jazzy/opt/gz_cmake_vendor/lib:/opt/ros/jazzy/lib', 'HOME': '/home/pitosalas', 'MCFLY_HISTORY': '/tmp/mcfly.Z83EhEYy', 'OLDPWD': '/home/pitosalas/linorobot2_hardware/test_sensors', 'TERM_PROGRAM_VERSION': '3.4', 'SSH_TTY': '/dev/pts/0', 'ROS_PYTHON_VERSION': '3', 'PS1': '[\\h:\\w]', 'DBUS_SESSION_BUS_ADDRESS': 'unix:path=/run/user/1000/bus', 'LC_TERMINAL_VERSION': '3.5.11', 'COLCON_PREFIX_PATH': '/home/pitosalas/linorobot2_ws/install:/home/pitosalas/uros_ws/install', 'ROS_DISTRO': 'jazzy', 'LOGNAME': 'pitosalas', '_': '/usr/bin/colcon', 'ROS_VERSION': '2', 'XDG_SESSION_CLASS': 'user', 'TERM': 'tmux-256color', 'XDG_SESSION_ID': '1', 'HISTCONTROL': 'ignorespace', 'PATH': '/opt/ros/jazzy/opt/gz_msgs_vendor/bin:/opt/ros/jazzy/opt/gz_tools_vendor/bin:/opt/ros/jazzy/opt/gz_ogre_next_vendor/bin:/opt/ros/jazzy/bin:/usr/local/sbin:/usr/local/bin:/usr/sbin:/usr/bin:/sbin:/bin:/usr/games:/usr/local/games:/snap/bin:/home/pitosalas/.local/bin:/home/pitosalas/.platformio/penv/bin:/home/pitosalas/.local/bin:/home/pitosalas/.platformio/penv/bin', 'XDG_RUNTIME_DIR': '/run/user/1000', 'LANG': 'en_US.UTF-8', 'TERM_PROGRAM': 'tmux', 'AMENT_PREFIX_PATH': '/home/pitosalas/linorobot2_ws/install/micro_ros_setup:/home/pitosalas/linorobot2_ws/install/linorobot2_navigation:/home/pitosalas/linorobot2_ws/install/linorobot2_gazebo:/home/pitosalas/linorobot2_ws/install/dome:/home/pitosalas/linorobot2_ws/install/linorobot2_description:/home/pitosalas/linorobot2_ws/install/linorobot2_bringup:/home/pitosalas/linorobot2_ws/install/linorobot2_base:/home/pitosalas/linorobot2_ws/install/linorobot2:/home/pitosalas/linorobot2_ws/install/imu_calib:/home/pitosalas/linorobot2_ws/install/hls_lfcd_lds_driver:/home/pitosalas/uros_ws/install/micro_ros_agent:/home/pitosalas/uros_ws/install/micro_ros_msgs:/opt/ros/jazzy', 'SHELL': '/bin/bash', 'LC_TERMINAL': 'iTerm2', 'ROS_AUTOMATIC_DISCOVERY_RANGE': 'SUBNET', 'PWD': '/home/pitosalas/linorobot2_hardware/firmware/build/my_custom_message', 'MCFLY_SESSION_ID': 'k8QHgRDQaWG7ToZ80wEfLlZw', 'LC_ALL': 'en_US.UTF-8', 'SSH_CONNECTION': '192.168.5.76 60890 192.168.5.118 22', 'XDG_DATA_DIRS': '/usr/local/share:/usr/share:/var/lib/snapd/desktop', 'LINOROBOT2_DEPTH_SENSOR': '', 'PYTHONPATH': '/home/pitosalas/linorobot2_ws/install/linorobot2_gazebo/lib/python3.12/site-packages:/home/pitosalas/linorobot2_ws/install/dome/lib/python3.12/site-packages:/home/pitosalas/uros_ws/install/micro_ros_msgs/lib/python3.12/site-packages:/opt/ros/jazzy/lib/python3.12/site-packages', 'COLCON': '1', 'LINOROBOT2_LASER_SENSOR': '', 'TMUX_PANE': '%2', 'CMAKE_PREFIX_PATH': '/home/pitosalas/linorobot2_ws/install/micro_ros_setup:/home/pitosalas/linorobot2_ws/install/linorobot2_navigation:/home/pitosalas/linorobot2_ws/install/linorobot2_gazebo:/home/pitosalas/linorobot2_ws/install/linorobot2_description:/home/pitosalas/linorobot2_ws/install/linorobot2_bringup:/home/pitosalas/linorobot2_ws/install/linorobot2_base:/home/pitosalas/linorobot2_ws/install/linorobot2:/home/pitosalas/linorobot2_ws/install/imu_calib:/home/pitosalas/linorobot2_ws/install/hls_lfcd_lds_driver:/home/pitosalas/uros_ws/install/micro_ros_agent:/home/pitosalas/uros_ws/install/micro_ros_msgs:/opt/ros/jazzy/opt/gz_sim_vendor:/opt/ros/jazzy/opt/gz_sensors_vendor:/opt/ros/jazzy/opt/gz_physics_vendor:/opt/ros/jazzy/opt/sdformat_vendor:/opt/ros/jazzy/opt/gz_gui_vendor:/opt/ros/jazzy/opt/gz_transport_vendor:/opt/ros/jazzy/opt/gz_rendering_vendor:/opt/ros/jazzy/opt/gz_plugin_vendor:/opt/ros/jazzy/opt/gz_fuel_tools_vendor:/opt/ros/jazzy/opt/gz_msgs_vendor:/opt/ros/jazzy/opt/gz_common_vendor:/opt/ros/jazzy/opt/gz_math_vendor:/opt/ros/jazzy/opt/gz_utils_vendor:/opt/ros/jazzy/opt/gz_tools_vendor:/opt/ros/jazzy/opt/gz_ogre_next_vendor:/opt/ros/jazzy/opt/gz_dartsim_vendor:/opt/ros/jazzy/opt/gz_cmake_vendor:/home/pitosalas/linorobot2_ws/install/dome:/opt/ros/jazzy', 'ROS2_WS': 'linorobot2_ws'}), 'shell': False}
[0.099359] (-) TimerEvent: {}
[0.200168] (-) TimerEvent: {}
[0.301038] (-) TimerEvent: {}
[0.401943] (-) TimerEvent: {}
[0.502711] (-) TimerEvent: {}
[0.603616] (-) TimerEvent: {}
[0.704507] (-) TimerEvent: {}
[0.805280] (-) TimerEvent: {}
[0.906184] (-) TimerEvent: {}
[1.007147] (-) TimerEvent: {}
[1.092532] (my_custom_message) StdoutLine: {'line': b'-- The C compiler identification is GNU 13.3.0\n'}
[1.107318] (-) TimerEvent: {}
[1.208062] (-) TimerEvent: {}
[1.308915] (-) TimerEvent: {}
[1.409607] (-) TimerEvent: {}
[1.510608] (-) TimerEvent: {}
[1.611637] (-) TimerEvent: {}
[1.712503] (-) TimerEvent: {}
[1.813406] (-) TimerEvent: {}
[1.914166] (-) TimerEvent: {}
[1.956003] (my_custom_message) StdoutLine: {'line': b'-- The CXX compiler identification is GNU 13.3.0\n'}
[2.014354] (-) TimerEvent: {}
[2.056314] (my_custom_message) StdoutLine: {'line': b'-- Detecting C compiler ABI info\n'}
[2.114588] (-) TimerEvent: {}
[2.215399] (-) TimerEvent: {}
[2.316082] (-) TimerEvent: {}
[2.416692] (-) TimerEvent: {}
[2.517373] (-) TimerEvent: {}
[2.618084] (-) TimerEvent: {}
[2.623187] (my_custom_message) StdoutLine: {'line': b'-- Detecting C compiler ABI info - done\n'}
[2.659717] (my_custom_message) StdoutLine: {'line': b'-- Check for working C compiler: /usr/bin/cc - skipped\n'}
[2.661634] (my_custom_message) StdoutLine: {'line': b'-- Detecting C compile features\n'}
[2.663688] (my_custom_message) StdoutLine: {'line': b'-- Detecting C compile features - done\n'}
[2.718263] (-) TimerEvent: {}
[2.723485] (my_custom_message) StdoutLine: {'line': b'-- Detecting CXX compiler ABI info\n'}
[2.818768] (-) TimerEvent: {}
[2.920224] (-) TimerEvent: {}
[3.020967] (-) TimerEvent: {}
[3.121613] (-) TimerEvent: {}
[3.222320] (-) TimerEvent: {}
[3.318071] (my_custom_message) StdoutLine: {'line': b'-- Detecting CXX compiler ABI info - done\n'}
[3.322583] (-) TimerEvent: {}
[3.362918] (my_custom_message) StdoutLine: {'line': b'-- Check for working CXX compiler: /usr/bin/c++ - skipped\n'}
[3.364293] (my_custom_message) StdoutLine: {'line': b'-- Detecting CXX compile features\n'}
[3.366568] (my_custom_message) StdoutLine: {'line': b'-- Detecting CXX compile features - done\n'}
[3.422822] (-) TimerEvent: {}
[3.457448] (my_custom_message) StdoutLine: {'line': b'-- Found ament_cmake: 2.5.3 (/opt/ros/jazzy/share/ament_cmake/cmake)\n'}
[3.523013] (-) TimerEvent: {}
[3.623705] (-) TimerEvent: {}
[3.724344] (-) TimerEvent: {}
[3.824919] (-) TimerEvent: {}
[3.925532] (-) TimerEvent: {}
[4.026219] (-) TimerEvent: {}
[4.126828] (-) TimerEvent: {}
[4.227372] (-) TimerEvent: {}
[4.327907] (-) TimerEvent: {}
[4.428446] (-) TimerEvent: {}
[4.511517] (my_custom_message) StdoutLine: {'line': b'-- Found Python3: /usr/bin/python3 (found version "3.12.3") found components: Interpreter \n'}
[4.528655] (-) TimerEvent: {}
[4.629395] (-) TimerEvent: {}
[4.730047] (-) TimerEvent: {}
[4.830689] (-) TimerEvent: {}
[4.869570] (my_custom_message) StdoutLine: {'line': b'-- Override CMake install command with custom implementation using symlinks instead of copying resources\n'}
[4.930920] (-) TimerEvent: {}
[5.031516] (-) TimerEvent: {}
[5.132351] (-) TimerEvent: {}
[5.232921] (-) TimerEvent: {}
[5.333543] (-) TimerEvent: {}
[5.434230] (-) TimerEvent: {}
[5.534837] (-) TimerEvent: {}
[5.635436] (-) TimerEvent: {}
[5.736066] (-) TimerEvent: {}
[5.774243] (my_custom_message) StdoutLine: {'line': b'-- Found ament_lint_auto: 0.17.1 (/opt/ros/jazzy/share/ament_lint_auto/cmake)\n'}
[5.836209] (-) TimerEvent: {}
[5.936855] (-) TimerEvent: {}
[6.037483] (-) TimerEvent: {}
[6.138241] (-) TimerEvent: {}
[6.239194] (-) TimerEvent: {}
[6.339772] (-) TimerEvent: {}
[6.440411] (-) TimerEvent: {}
[6.541119] (-) TimerEvent: {}
[6.641690] (-) TimerEvent: {}
[6.742313] (-) TimerEvent: {}
[6.801876] (my_custom_message) StdoutLine: {'line': b'-- Found rosidl_default_generators: 1.6.0 (/opt/ros/jazzy/share/rosidl_default_generators/cmake)\n'}
[6.842467] (-) TimerEvent: {}
[6.942912] (my_custom_message) StdoutLine: {'line': b'-- Using all available rosidl_typesupport_c: rosidl_typesupport_fastrtps_c;rosidl_typesupport_introspection_c\n'}
[6.943474] (-) TimerEvent: {}
[7.043922] (-) TimerEvent: {}
[7.144494] (-) TimerEvent: {}
[7.245133] (-) TimerEvent: {}
[7.345689] (-) TimerEvent: {}
[7.446294] (-) TimerEvent: {}
[7.546922] (-) TimerEvent: {}
[7.647533] (-) TimerEvent: {}
[7.748178] (-) TimerEvent: {}
[7.799038] (my_custom_message) StdoutLine: {'line': b'-- Using all available rosidl_typesupport_cpp: rosidl_typesupport_fastrtps_cpp;rosidl_typesupport_introspection_cpp\n'}
[7.848327] (-) TimerEvent: {}
[7.948926] (-) TimerEvent: {}
[8.049509] (-) TimerEvent: {}
[8.150144] (-) TimerEvent: {}
[8.250741] (-) TimerEvent: {}
[8.351425] (-) TimerEvent: {}
[8.452076] (-) TimerEvent: {}
[8.479683] (my_custom_message) StdoutLine: {'line': b'-- Found rosidl_adapter: 4.6.5 (/opt/ros/jazzy/share/rosidl_adapter/cmake)\n'}
[8.552249] (-) TimerEvent: {}
[8.652888] (-) TimerEvent: {}
[8.753427] (-) TimerEvent: {}
[8.854102] (-) TimerEvent: {}
[8.954750] (-) TimerEvent: {}
[9.055553] (-) TimerEvent: {}
[9.156371] (-) TimerEvent: {}
[9.257085] (-) TimerEvent: {}
[9.357731] (-) TimerEvent: {}
[9.458579] (-) TimerEvent: {}
[9.559545] (-) TimerEvent: {}
[9.660207] (-) TimerEvent: {}
[9.760856] (-) TimerEvent: {}
[9.861462] (-) TimerEvent: {}
[9.962091] (-) TimerEvent: {}
[10.062665] (-) TimerEvent: {}
[10.163293] (-) TimerEvent: {}
[10.263916] (-) TimerEvent: {}
[10.364454] (-) TimerEvent: {}
[10.465049] (-) TimerEvent: {}
[10.565632] (-) TimerEvent: {}
[10.666272] (-) TimerEvent: {}
[10.766843] (-) TimerEvent: {}
[10.867404] (-) TimerEvent: {}
[10.917684] (my_custom_message) StdoutLine: {'line': b'-- Found ament_cmake_ros: 0.12.0 (/opt/ros/jazzy/share/ament_cmake_ros/cmake)\n'}
[10.967557] (-) TimerEvent: {}
[11.068277] (-) TimerEvent: {}
[11.168891] (-) TimerEvent: {}
[11.269558] (-) TimerEvent: {}
[11.370273] (-) TimerEvent: {}
[11.470956] (-) TimerEvent: {}
[11.571668] (-) TimerEvent: {}
[11.672470] (-) TimerEvent: {}
[11.773231] (-) TimerEvent: {}
[11.874247] (-) TimerEvent: {}
[11.974906] (-) TimerEvent: {}
[12.075469] (-) TimerEvent: {}
[12.176138] (-) TimerEvent: {}
[12.276920] (-) TimerEvent: {}
[12.377696] (-) TimerEvent: {}
[12.478510] (-) TimerEvent: {}
[12.579507] (-) TimerEvent: {}
[12.680074] (-) TimerEvent: {}
[12.780621] (-) TimerEvent: {}
[12.881235] (-) TimerEvent: {}
[12.981842] (-) TimerEvent: {}
[13.082408] (-) TimerEvent: {}
[13.183107] (-) TimerEvent: {}
[13.183748] (my_custom_message) StdoutLine: {'line': b'-- Using all available rosidl_typesupport_c: rosidl_typesupport_fastrtps_c;rosidl_typesupport_introspection_c\n'}
[13.283273] (-) TimerEvent: {}
[13.383921] (-) TimerEvent: {}
[13.484488] (-) TimerEvent: {}
[13.585048] (-) TimerEvent: {}
[13.685592] (-) TimerEvent: {}
[13.786183] (-) TimerEvent: {}
[13.886769] (-) TimerEvent: {}
[13.987529] (-) TimerEvent: {}
[14.088699] (-) TimerEvent: {}
[14.189591] (-) TimerEvent: {}
[14.290224] (-) TimerEvent: {}
[14.390818] (-) TimerEvent: {}
[14.491357] (-) TimerEvent: {}
[14.591972] (-) TimerEvent: {}
[14.692700] (-) TimerEvent: {}
[14.793593] (-) TimerEvent: {}
[14.894320] (-) TimerEvent: {}
[14.995096] (-) TimerEvent: {}
[15.095656] (-) TimerEvent: {}
[15.196264] (-) TimerEvent: {}
[15.296917] (-) TimerEvent: {}
[15.397591] (-) TimerEvent: {}
[15.498357] (-) TimerEvent: {}
[15.599070] (-) TimerEvent: {}
[15.699941] (-) TimerEvent: {}
[15.801041] (-) TimerEvent: {}
[15.901922] (-) TimerEvent: {}
[15.945846] (my_custom_message) StdoutLine: {'line': b'-- Using all available rosidl_typesupport_cpp: rosidl_typesupport_fastrtps_cpp;rosidl_typesupport_introspection_cpp\n'}
[16.002106] (-) TimerEvent: {}
[16.012529] (my_custom_message) StdoutLine: {'line': b'-- Found python_cmake_module: 0.11.1 (/opt/ros/jazzy/share/python_cmake_module/cmake)\n'}
[16.102262] (-) TimerEvent: {}
[16.202859] (-) TimerEvent: {}
[16.303423] (-) TimerEvent: {}
[16.404036] (-) TimerEvent: {}
[16.504610] (-) TimerEvent: {}
[16.605209] (-) TimerEvent: {}
[16.683184] (my_custom_message) StdoutLine: {'line': b'-- Found PythonExtra: /usr/bin/python3  \n'}
[16.705491] (-) TimerEvent: {}
[16.806231] (-) TimerEvent: {}
[16.906942] (-) TimerEvent: {}
[17.007649] (-) TimerEvent: {}
[17.108553] (-) TimerEvent: {}
[17.209646] (-) TimerEvent: {}
[17.310629] (-) TimerEvent: {}
[17.411229] (-) TimerEvent: {}
[17.511846] (-) TimerEvent: {}
[17.612381] (-) TimerEvent: {}
[17.713025] (-) TimerEvent: {}
[17.813747] (-) TimerEvent: {}
[17.914348] (-) TimerEvent: {}
[18.014903] (-) TimerEvent: {}
[18.115470] (-) TimerEvent: {}
[18.216106] (-) TimerEvent: {}
[18.316704] (-) TimerEvent: {}
[18.417460] (-) TimerEvent: {}
[18.518106] (-) TimerEvent: {}
[18.618672] (-) TimerEvent: {}
[18.719315] (-) TimerEvent: {}
[18.812180] (my_custom_message) StdoutLine: {'line': b'-- Found Python3: /usr/bin/python3 (found version "3.12.3") found components: Interpreter Development NumPy Development.Module Development.Embed \n'}
[18.819500] (-) TimerEvent: {}
[18.920259] (-) TimerEvent: {}
[19.004373] (my_custom_message) StdoutLine: {'line': b"-- Added test 'copyright' to check source files copyright and LICENSE\n"}
[19.020382] (-) TimerEvent: {}
[19.022395] (my_custom_message) StdoutLine: {'line': b"-- Added test 'lint_cmake' to check CMake code style\n"}
[19.035457] (my_custom_message) StdoutLine: {'line': b"-- Added test 'xmllint' to check XML markup files\n"}
[19.091141] (my_custom_message) StdoutLine: {'line': b'-- Configuring done (19.0s)\n'}
[19.120567] (-) TimerEvent: {}
[19.221285] (-) TimerEvent: {}
[19.281611] (my_custom_message) StdoutLine: {'line': b'-- Generating done (0.2s)\n'}
[19.321455] (-) TimerEvent: {}
[19.329567] (my_custom_message) StdoutLine: {'line': b'-- Build files have been written to: /home/pitosalas/linorobot2_hardware/firmware/build/my_custom_message\n'}
[19.353300] (my_custom_message) CommandEnded: {'returncode': 0}
[19.354939] (my_custom_message) JobProgress: {'identifier': 'my_custom_message', 'progress': 'build'}
[19.356933] (my_custom_message) Command: {'cmd': ['/usr/bin/cmake', '--build', '/home/pitosalas/linorobot2_hardware/firmware/build/my_custom_message', '--', '-j4', '-l4'], 'cwd': '/home/pitosalas/linorobot2_hardware/firmware/build/my_custom_message', 'env': OrderedDict({'LINOROBOT2_BASE': '2wd', 'TMUX': '/tmp/tmux-1000/default,1354,0', 'USER': 'pitosalas', 'SSH_CLIENT': '192.168.5.76 60890 22', 'GZ_CONFIG_PATH': '/opt/ros/jazzy/opt/gz_sim_vendor/share/gz:/opt/ros/jazzy/opt/sdformat_vendor/share/gz:/opt/ros/jazzy/opt/gz_gui_vendor/share/gz:/opt/ros/jazzy/opt/gz_transport_vendor/share/gz:/opt/ros/jazzy/opt/gz_rendering_vendor/share/gz:/opt/ros/jazzy/opt/gz_plugin_vendor/share/gz:/opt/ros/jazzy/opt/gz_fuel_tools_vendor/share/gz:/opt/ros/jazzy/opt/gz_msgs_vendor/share/gz:/opt/ros/jazzy/opt/gz_common_vendor/share/gz', 'XDG_SESSION_TYPE': 'tty', 'MCFLY_HISTFILE': '/home/pitosalas/.bash_history', 'SHLVL': '2', 'LD_LIBRARY_PATH': '/home/pitosalas/uros_ws/install/micro_ros_agent/lib:/home/pitosalas/uros_ws/install/micro_ros_msgs/lib:/opt/ros/jazzy/opt/gz_sim_vendor/lib:/opt/ros/jazzy/opt/gz_sensors_vendor/lib:/opt/ros/jazzy/opt/gz_physics_vendor/lib:/opt/ros/jazzy/opt/sdformat_vendor/lib:/opt/ros/jazzy/opt/rviz_ogre_vendor/lib:/opt/ros/jazzy/lib/aarch64-linux-gnu:/opt/ros/jazzy/opt/gz_gui_vendor/lib:/opt/ros/jazzy/opt/gz_transport_vendor/lib:/opt/ros/jazzy/opt/gz_rendering_vendor/lib:/opt/ros/jazzy/opt/gz_plugin_vendor/lib:/opt/ros/jazzy/opt/gz_fuel_tools_vendor/lib:/opt/ros/jazzy/opt/gz_msgs_vendor/lib:/opt/ros/jazzy/opt/gz_common_vendor/lib:/opt/ros/jazzy/opt/gz_math_vendor/lib:/opt/ros/jazzy/opt/gz_utils_vendor/lib:/opt/ros/jazzy/opt/gz_tools_vendor/lib:/opt/ros/jazzy/opt/gz_ogre_next_vendor/lib:/opt/ros/jazzy/opt/gz_dartsim_vendor/lib:/opt/ros/jazzy/opt/gz_cmake_vendor/lib:/opt/ros/jazzy/lib', 'HOME': '/home/pitosalas', 'MCFLY_HISTORY': '/tmp/mcfly.Z83EhEYy', 'OLDPWD': '/home/pitosalas/linorobot2_hardware/test_sensors', 'TERM_PROGRAM_VERSION': '3.4', 'SSH_TTY': '/dev/pts/0', 'ROS_PYTHON_VERSION': '3', 'PS1': '[\\h:\\w]', 'DBUS_SESSION_BUS_ADDRESS': 'unix:path=/run/user/1000/bus', 'LC_TERMINAL_VERSION': '3.5.11', 'COLCON_PREFIX_PATH': '/home/pitosalas/linorobot2_ws/install:/home/pitosalas/uros_ws/install', 'ROS_DISTRO': 'jazzy', 'LOGNAME': 'pitosalas', '_': '/usr/bin/colcon', 'ROS_VERSION': '2', 'XDG_SESSION_CLASS': 'user', 'TERM': 'tmux-256color', 'XDG_SESSION_ID': '1', 'HISTCONTROL': 'ignorespace', 'PATH': '/opt/ros/jazzy/opt/gz_msgs_vendor/bin:/opt/ros/jazzy/opt/gz_tools_vendor/bin:/opt/ros/jazzy/opt/gz_ogre_next_vendor/bin:/opt/ros/jazzy/bin:/usr/local/sbin:/usr/local/bin:/usr/sbin:/usr/bin:/sbin:/bin:/usr/games:/usr/local/games:/snap/bin:/home/pitosalas/.local/bin:/home/pitosalas/.platformio/penv/bin:/home/pitosalas/.local/bin:/home/pitosalas/.platformio/penv/bin', 'XDG_RUNTIME_DIR': '/run/user/1000', 'LANG': 'en_US.UTF-8', 'TERM_PROGRAM': 'tmux', 'AMENT_PREFIX_PATH': '/home/pitosalas/linorobot2_ws/install/micro_ros_setup:/home/pitosalas/linorobot2_ws/install/linorobot2_navigation:/home/pitosalas/linorobot2_ws/install/linorobot2_gazebo:/home/pitosalas/linorobot2_ws/install/dome:/home/pitosalas/linorobot2_ws/install/linorobot2_description:/home/pitosalas/linorobot2_ws/install/linorobot2_bringup:/home/pitosalas/linorobot2_ws/install/linorobot2_base:/home/pitosalas/linorobot2_ws/install/linorobot2:/home/pitosalas/linorobot2_ws/install/imu_calib:/home/pitosalas/linorobot2_ws/install/hls_lfcd_lds_driver:/home/pitosalas/uros_ws/install/micro_ros_agent:/home/pitosalas/uros_ws/install/micro_ros_msgs:/opt/ros/jazzy', 'SHELL': '/bin/bash', 'LC_TERMINAL': 'iTerm2', 'ROS_AUTOMATIC_DISCOVERY_RANGE': 'SUBNET', 'PWD': '/home/pitosalas/linorobot2_hardware/firmware/build/my_custom_message', 'MCFLY_SESSION_ID': 'k8QHgRDQaWG7ToZ80wEfLlZw', 'LC_ALL': 'en_US.UTF-8', 'SSH_CONNECTION': '192.168.5.76 60890 192.168.5.118 22', 'XDG_DATA_DIRS': '/usr/local/share:/usr/share:/var/lib/snapd/desktop', 'LINOROBOT2_DEPTH_SENSOR': '', 'PYTHONPATH': '/home/pitosalas/linorobot2_ws/install/linorobot2_gazebo/lib/python3.12/site-packages:/home/pitosalas/linorobot2_ws/install/dome/lib/python3.12/site-packages:/home/pitosalas/uros_ws/install/micro_ros_msgs/lib/python3.12/site-packages:/opt/ros/jazzy/lib/python3.12/site-packages', 'COLCON': '1', 'LINOROBOT2_LASER_SENSOR': '', 'TMUX_PANE': '%2', 'CMAKE_PREFIX_PATH': '/home/pitosalas/linorobot2_ws/install/micro_ros_setup:/home/pitosalas/linorobot2_ws/install/linorobot2_navigation:/home/pitosalas/linorobot2_ws/install/linorobot2_gazebo:/home/pitosalas/linorobot2_ws/install/linorobot2_description:/home/pitosalas/linorobot2_ws/install/linorobot2_bringup:/home/pitosalas/linorobot2_ws/install/linorobot2_base:/home/pitosalas/linorobot2_ws/install/linorobot2:/home/pitosalas/linorobot2_ws/install/imu_calib:/home/pitosalas/linorobot2_ws/install/hls_lfcd_lds_driver:/home/pitosalas/uros_ws/install/micro_ros_agent:/home/pitosalas/uros_ws/install/micro_ros_msgs:/opt/ros/jazzy/opt/gz_sim_vendor:/opt/ros/jazzy/opt/gz_sensors_vendor:/opt/ros/jazzy/opt/gz_physics_vendor:/opt/ros/jazzy/opt/sdformat_vendor:/opt/ros/jazzy/opt/gz_gui_vendor:/opt/ros/jazzy/opt/gz_transport_vendor:/opt/ros/jazzy/opt/gz_rendering_vendor:/opt/ros/jazzy/opt/gz_plugin_vendor:/opt/ros/jazzy/opt/gz_fuel_tools_vendor:/opt/ros/jazzy/opt/gz_msgs_vendor:/opt/ros/jazzy/opt/gz_common_vendor:/opt/ros/jazzy/opt/gz_math_vendor:/opt/ros/jazzy/opt/gz_utils_vendor:/opt/ros/jazzy/opt/gz_tools_vendor:/opt/ros/jazzy/opt/gz_ogre_next_vendor:/opt/ros/jazzy/opt/gz_dartsim_vendor:/opt/ros/jazzy/opt/gz_cmake_vendor:/home/pitosalas/linorobot2_ws/install/dome:/opt/ros/jazzy', 'ROS2_WS': 'linorobot2_ws'}), 'shell': False}
[19.421655] (-) TimerEvent: {}
[19.522359] (-) TimerEvent: {}
[19.623138] (-) TimerEvent: {}
[19.713892] (my_custom_message) StdoutLine: {'line': b'[  2%] \x1b[34m\x1b[1mGenerating type hashes for ROS interfaces\x1b[0m\n'}
[19.723366] (-) TimerEvent: {}
[19.788115] (my_custom_message) StdoutLine: {'line': b'[  2%] Built target ament_cmake_python_symlink_my_custom_message\n'}
[19.825944] (-) TimerEvent: {}
[19.926615] (-) TimerEvent: {}
[20.027433] (-) TimerEvent: {}
[20.128488] (-) TimerEvent: {}
[20.230295] (-) TimerEvent: {}
[20.331446] (-) TimerEvent: {}
[20.433477] (-) TimerEvent: {}
[20.535719] (-) TimerEvent: {}
[20.636463] (-) TimerEvent: {}
[20.738096] (-) TimerEvent: {}
[20.838766] (-) TimerEvent: {}
[20.947083] (-) TimerEvent: {}
[20.960688] (my_custom_message) StdoutLine: {'line': b'[  2%] Built target my_custom_message__rosidl_generator_type_description\n'}
[21.032539] (my_custom_message) StdoutLine: {'line': b'[  5%] \x1b[34m\x1b[1mGenerating C code for ROS interfaces\x1b[0m\n'}
[21.049958] (-) TimerEvent: {}
[21.123197] (my_custom_message) StdoutLine: {'line': b'[  8%] \x1b[34m\x1b[1mGenerating C++ code for ROS interfaces\x1b[0m\n'}
[21.150212] (-) TimerEvent: {}
[21.256032] (-) TimerEvent: {}
[21.358333] (-) TimerEvent: {}
[21.461957] (-) TimerEvent: {}
[21.563922] (-) TimerEvent: {}
[21.632731] (my_custom_message) StdoutLine: {'line': b'running egg_info\n'}
[21.636849] (my_custom_message) StdoutLine: {'line': b'creating my_custom_message.egg-info\n'}
[21.664095] (-) TimerEvent: {}
[21.764857] (-) TimerEvent: {}
[21.786762] (my_custom_message) StdoutLine: {'line': b'writing my_custom_message.egg-info/PKG-INFO\n'}
[21.788984] (my_custom_message) StdoutLine: {'line': b'writing dependency_links to my_custom_message.egg-info/dependency_links.txt\n'}
[21.790871] (my_custom_message) StdoutLine: {'line': b'writing top-level names to my_custom_message.egg-info/top_level.txt\n'}
[21.792611] (my_custom_message) StdoutLine: {'line': b"writing manifest file 'my_custom_message.egg-info/SOURCES.txt'\n"}
[21.865920] (-) TimerEvent: {}
[21.966581] (-) TimerEvent: {}
[22.068438] (-) TimerEvent: {}
[22.169112] (-) TimerEvent: {}
[22.182992] (my_custom_message) StdoutLine: {'line': b"reading manifest file 'my_custom_message.egg-info/SOURCES.txt'\n"}
[22.185379] (my_custom_message) StdoutLine: {'line': b"writing manifest file 'my_custom_message.egg-info/SOURCES.txt'\n"}
[22.269514] (-) TimerEvent: {}
[22.370944] (-) TimerEvent: {}
[22.405755] (my_custom_message) StdoutLine: {'line': b'[  8%] Built target ament_cmake_python_build_my_custom_message_egg\n'}
[22.474156] (-) TimerEvent: {}
[22.575286] (-) TimerEvent: {}
[22.675948] (-) TimerEvent: {}
[22.701025] (my_custom_message) StdoutLine: {'line': b'[ 11%] \x1b[32mBuilding C object CMakeFiles/my_custom_message__rosidl_generator_c.dir/rosidl_generator_c/my_custom_message/msg/detail/my_custom_message__description.c.o\x1b[0m\n'}
[22.704971] (my_custom_message) StdoutLine: {'line': b'[ 14%] \x1b[32mBuilding C object CMakeFiles/my_custom_message__rosidl_generator_c.dir/rosidl_generator_c/my_custom_message/msg/detail/my_custom_message__functions.c.o\x1b[0m\n'}
[22.729336] (my_custom_message) StdoutLine: {'line': b'[ 17%] \x1b[32mBuilding C object CMakeFiles/my_custom_message__rosidl_generator_c.dir/rosidl_generator_c/my_custom_message/msg/detail/my_custom_message__type_support.c.o\x1b[0m\n'}
[22.737208] (my_custom_message) StdoutLine: {'line': b'[ 17%] Built target my_custom_message__cpp\n'}
[22.777897] (-) TimerEvent: {}
[22.878667] (-) TimerEvent: {}
[22.981760] (-) TimerEvent: {}
[23.065213] (my_custom_message) StdoutLine: {'line': b'[ 20%] \x1b[32m\x1b[1mLinking C shared library libmy_custom_message__rosidl_generator_c.so\x1b[0m\n'}
[23.081961] (-) TimerEvent: {}
[23.182643] (-) TimerEvent: {}
[23.283421] (-) TimerEvent: {}
[23.285120] (my_custom_message) StdoutLine: {'line': b'[ 20%] Built target my_custom_message__rosidl_generator_c\n'}
[23.362074] (my_custom_message) StdoutLine: {'line': b'[ 26%] \x1b[34m\x1b[1mGenerating C++ introspection for ROS interfaces\x1b[0m\n'}
[23.363590] (my_custom_message) StdoutLine: {'line': b'[ 29%] \x1b[34m\x1b[1mGenerating C++ type support dispatch for ROS interfaces\x1b[0m\n'}
[23.364232] (my_custom_message) StdoutLine: {'line': b'[ 29%] \x1b[34m\x1b[1mGenerating C++ type support for eProsima Fast-RTPS\x1b[0m\n'}
[23.367246] (my_custom_message) StdoutLine: {'line': b'[ 32%] \x1b[34m\x1b[1mGenerating C type support for eProsima Fast-RTPS\x1b[0m\n'}
[23.383730] (-) TimerEvent: {}
[23.486087] (-) TimerEvent: {}
[23.590287] (-) TimerEvent: {}
[23.691758] (-) TimerEvent: {}
[23.796955] (-) TimerEvent: {}
[23.899213] (-) TimerEvent: {}
[24.001133] (-) TimerEvent: {}
[24.103951] (-) TimerEvent: {}
[24.208043] (-) TimerEvent: {}
[24.309935] (-) TimerEvent: {}
[24.412852] (-) TimerEvent: {}
[24.517259] (-) TimerEvent: {}
[24.625945] (-) TimerEvent: {}
[24.728056] (-) TimerEvent: {}
[24.777188] (my_custom_message) StdoutLine: {'line': b'[ 35%] \x1b[32mBuilding CXX object CMakeFiles/my_custom_message__rosidl_typesupport_cpp.dir/rosidl_typesupport_cpp/my_custom_message/msg/my_custom_message__type_support.cpp.o\x1b[0m\n'}
[24.831064] (-) TimerEvent: {}
[24.882133] (my_custom_message) StdoutLine: {'line': b'[ 38%] \x1b[32mBuilding CXX object CMakeFiles/my_custom_message__rosidl_typesupport_introspection_cpp.dir/rosidl_typesupport_introspection_cpp/my_custom_message/msg/detail/my_custom_message__type_support.cpp.o\x1b[0m\n'}
[24.931439] (-) TimerEvent: {}
[25.032357] (-) TimerEvent: {}
[25.056901] (my_custom_message) StdoutLine: {'line': b'[ 41%] \x1b[32mBuilding CXX object CMakeFiles/my_custom_message__rosidl_typesupport_fastrtps_c.dir/rosidl_typesupport_fastrtps_c/my_custom_message/msg/detail/my_custom_message__type_support_c.cpp.o\x1b[0m\n'}
[25.064775] (my_custom_message) StdoutLine: {'line': b'[ 44%] \x1b[32mBuilding CXX object CMakeFiles/my_custom_message__rosidl_typesupport_fastrtps_cpp.dir/rosidl_typesupport_fastrtps_cpp/my_custom_message/msg/detail/dds_fastrtps/my_custom_message__type_support.cpp.o\x1b[0m\n'}
[25.132699] (-) TimerEvent: {}
[25.234634] (-) TimerEvent: {}
[25.339250] (-) TimerEvent: {}
[25.440588] (-) TimerEvent: {}
[25.543070] (-) TimerEvent: {}
[25.648092] (-) TimerEvent: {}
[25.750744] (-) TimerEvent: {}
[25.855079] (-) TimerEvent: {}
[25.960365] (-) TimerEvent: {}
[26.067726] (-) TimerEvent: {}
[26.170605] (-) TimerEvent: {}
[26.274992] (-) TimerEvent: {}
[26.377498] (-) TimerEvent: {}
[26.481001] (-) TimerEvent: {}
[26.582114] (-) TimerEvent: {}
[26.685299] (-) TimerEvent: {}
[26.789000] (-) TimerEvent: {}
[26.890022] (-) TimerEvent: {}
[26.991143] (-) TimerEvent: {}
[27.009254] (my_custom_message) StdoutLine: {'line': b'[ 47%] \x1b[32m\x1b[1mLinking CXX shared library libmy_custom_message__rosidl_typesupport_cpp.so\x1b[0m\n'}
[27.058247] (my_custom_message) StdoutLine: {'line': b'[ 50%] \x1b[32m\x1b[1mLinking CXX shared library libmy_custom_message__rosidl_typesupport_introspection_cpp.so\x1b[0m\n'}
[27.091374] (-) TimerEvent: {}
[27.194130] (-) TimerEvent: {}
[27.299225] (-) TimerEvent: {}
[27.323681] (my_custom_message) StdoutLine: {'line': b'[ 50%] Built target my_custom_message__rosidl_typesupport_cpp\n'}
[27.365259] (my_custom_message) StdoutLine: {'line': b'[ 50%] Built target my_custom_message__rosidl_typesupport_introspection_cpp\n'}
[27.400838] (-) TimerEvent: {}
[27.411031] (my_custom_message) StdoutLine: {'line': b'[ 52%] \x1b[34m\x1b[1mGenerating C introspection for ROS interfaces\x1b[0m\n'}
[27.467977] (my_custom_message) StdoutLine: {'line': b'[ 55%] \x1b[34m\x1b[1mGenerating C type support dispatch for ROS interfaces\x1b[0m\n'}
[27.501012] (-) TimerEvent: {}
[27.603422] (-) TimerEvent: {}
[27.709974] (-) TimerEvent: {}
[27.812725] (-) TimerEvent: {}
[27.916011] (-) TimerEvent: {}
[28.018190] (-) TimerEvent: {}
[28.119943] (-) TimerEvent: {}
[28.224996] (-) TimerEvent: {}
[28.327544] (-) TimerEvent: {}
[28.429877] (-) TimerEvent: {}
[28.513116] (my_custom_message) StdoutLine: {'line': b'[ 58%] \x1b[32m\x1b[1mLinking CXX shared library libmy_custom_message__rosidl_typesupport_fastrtps_c.so\x1b[0m\n'}
[28.514214] (my_custom_message) StdoutLine: {'line': b'[ 61%] \x1b[32m\x1b[1mLinking CXX shared library libmy_custom_message__rosidl_typesupport_fastrtps_cpp.so\x1b[0m\n'}
[28.531006] (-) TimerEvent: {}
[28.631932] (-) TimerEvent: {}
[28.734660] (-) TimerEvent: {}
[28.841878] (-) TimerEvent: {}
[28.927154] (my_custom_message) StdoutLine: {'line': b'[ 61%] Built target my_custom_message__rosidl_typesupport_fastrtps_cpp\n'}
[28.932446] (my_custom_message) StdoutLine: {'line': b'[ 61%] Built target my_custom_message__rosidl_typesupport_fastrtps_c\n'}
[28.942065] (-) TimerEvent: {}
[28.990489] (my_custom_message) StdoutLine: {'line': b'[ 64%] \x1b[32mBuilding CXX object CMakeFiles/my_custom_message__rosidl_typesupport_c.dir/rosidl_typesupport_c/my_custom_message/msg/my_custom_message__type_support.cpp.o\x1b[0m\n'}
[29.042301] (-) TimerEvent: {}
[29.044449] (my_custom_message) StdoutLine: {'line': b'[ 67%] \x1b[32mBuilding C object CMakeFiles/my_custom_message__rosidl_typesupport_introspection_c.dir/rosidl_typesupport_introspection_c/my_custom_message/msg/detail/my_custom_message__type_support.c.o\x1b[0m\n'}
[29.142557] (-) TimerEvent: {}
[29.229666] (my_custom_message) StdoutLine: {'line': b'[ 70%] \x1b[32m\x1b[1mLinking CXX shared library libmy_custom_message__rosidl_typesupport_c.so\x1b[0m\n'}
[29.242830] (-) TimerEvent: {}
[29.255982] (my_custom_message) StdoutLine: {'line': b'[ 73%] \x1b[32m\x1b[1mLinking C shared library libmy_custom_message__rosidl_typesupport_introspection_c.so\x1b[0m\n'}
[29.343053] (-) TimerEvent: {}
[29.444111] (-) TimerEvent: {}
[29.447505] (my_custom_message) StdoutLine: {'line': b'[ 73%] Built target my_custom_message__rosidl_typesupport_introspection_c\n'}
[29.455680] (my_custom_message) StdoutLine: {'line': b'[ 73%] Built target my_custom_message__rosidl_typesupport_c\n'}
[29.544273] (-) TimerEvent: {}
[29.590682] (my_custom_message) StdoutLine: {'line': b'[ 73%] Built target my_custom_message\n'}
[29.644504] (-) TimerEvent: {}
[29.724609] (my_custom_message) StdoutLine: {'line': b'[ 76%] \x1b[34m\x1b[1mGenerating Python code for ROS interfaces\x1b[0m\n'}
[29.744743] (-) TimerEvent: {}
[29.845482] (-) TimerEvent: {}
[29.946123] (-) TimerEvent: {}
[30.046735] (-) TimerEvent: {}
[30.147352] (-) TimerEvent: {}
[30.247971] (-) TimerEvent: {}
[30.348559] (-) TimerEvent: {}
[30.449194] (-) TimerEvent: {}
[30.549764] (-) TimerEvent: {}
[30.650356] (-) TimerEvent: {}
[30.750915] (-) TimerEvent: {}
[30.851472] (-) TimerEvent: {}
[30.952151] (-) TimerEvent: {}
[31.052950] (-) TimerEvent: {}
[31.127919] (my_custom_message) StdoutLine: {'line': b'[ 76%] Built target my_custom_message__py\n'}
[31.153129] (-) TimerEvent: {}
[31.253769] (-) TimerEvent: {}
[31.269014] (my_custom_message) StdoutLine: {'line': b'[ 79%] \x1b[32mBuilding C object CMakeFiles/my_custom_message__rosidl_generator_py.dir/rosidl_generator_py/my_custom_message/msg/_my_custom_message_s.c.o\x1b[0m\n'}
[31.353954] (-) TimerEvent: {}
[31.454610] (-) TimerEvent: {}
[31.555390] (-) TimerEvent: {}
[31.656122] (-) TimerEvent: {}
[31.756893] (-) TimerEvent: {}
[31.857580] (-) TimerEvent: {}
[31.958470] (-) TimerEvent: {}
[31.995541] (my_custom_message) StdoutLine: {'line': b'[ 82%] \x1b[32m\x1b[1mLinking C shared library libmy_custom_message__rosidl_generator_py.so\x1b[0m\n'}
[32.058652] (-) TimerEvent: {}
[32.159393] (-) TimerEvent: {}
[32.233920] (my_custom_message) StdoutLine: {'line': b'[ 82%] Built target my_custom_message__rosidl_generator_py\n'}
[32.260986] (-) TimerEvent: {}
[32.361745] (-) TimerEvent: {}
[32.375805] (my_custom_message) StdoutLine: {'line': b'[ 88%] \x1b[32mBuilding C object CMakeFiles/my_custom_message_s__rosidl_typesupport_fastrtps_c.dir/rosidl_generator_py/my_custom_message/_my_custom_message_s.ep.rosidl_typesupport_fastrtps_c.c.o\x1b[0m\n'}
[32.376748] (my_custom_message) StdoutLine: {'line': b'[ 88%] \x1b[32mBuilding C object CMakeFiles/my_custom_message_s__rosidl_typesupport_introspection_c.dir/rosidl_generator_py/my_custom_message/_my_custom_message_s.ep.rosidl_typesupport_introspection_c.c.o\x1b[0m\n'}
[32.378744] (my_custom_message) StdoutLine: {'line': b'[ 91%] \x1b[32mBuilding C object CMakeFiles/my_custom_message_s__rosidl_typesupport_c.dir/rosidl_generator_py/my_custom_message/_my_custom_message_s.ep.rosidl_typesupport_c.c.o\x1b[0m\n'}
[32.461944] (-) TimerEvent: {}
[32.562597] (-) TimerEvent: {}
[32.664100] (-) TimerEvent: {}
[32.765676] (-) TimerEvent: {}
[32.866458] (-) TimerEvent: {}
[32.904879] (my_custom_message) StdoutLine: {'line': b'[ 94%] \x1b[32m\x1b[1mLinking C shared module rosidl_generator_py/my_custom_message/my_custom_message_s__rosidl_typesupport_c.so\x1b[0m\n'}
[32.916457] (my_custom_message) StdoutLine: {'line': b'[ 97%] \x1b[32m\x1b[1mLinking C shared module rosidl_generator_py/my_custom_message/my_custom_message_s__rosidl_typesupport_introspection_c.so\x1b[0m\n'}
[32.947723] (my_custom_message) StdoutLine: {'line': b'[100%] \x1b[32m\x1b[1mLinking C shared module rosidl_generator_py/my_custom_message/my_custom_message_s__rosidl_typesupport_fastrtps_c.so\x1b[0m\n'}
[32.968974] (-) TimerEvent: {}
[33.069738] (-) TimerEvent: {}
[33.113972] (my_custom_message) StdoutLine: {'line': b'[100%] Built target my_custom_message_s__rosidl_typesupport_c\n'}
[33.118111] (my_custom_message) StdoutLine: {'line': b'[100%] Built target my_custom_message_s__rosidl_typesupport_introspection_c\n'}
[33.152694] (my_custom_message) StdoutLine: {'line': b'[100%] Built target my_custom_message_s__rosidl_typesupport_fastrtps_c\n'}
[33.170002] (-) TimerEvent: {}
[33.223915] (my_custom_message) CommandEnded: {'returncode': 0}
[33.227278] (my_custom_message) JobProgress: {'identifier': 'my_custom_message', 'progress': 'install'}
[33.270290] (-) TimerEvent: {}
[33.290348] (my_custom_message) Command: {'cmd': ['/usr/bin/cmake', '--install', '/home/pitosalas/linorobot2_hardware/firmware/build/my_custom_message'], 'cwd': '/home/pitosalas/linorobot2_hardware/firmware/build/my_custom_message', 'env': OrderedDict({'LINOROBOT2_BASE': '2wd', 'TMUX': '/tmp/tmux-1000/default,1354,0', 'USER': 'pitosalas', 'SSH_CLIENT': '192.168.5.76 60890 22', 'GZ_CONFIG_PATH': '/opt/ros/jazzy/opt/gz_sim_vendor/share/gz:/opt/ros/jazzy/opt/sdformat_vendor/share/gz:/opt/ros/jazzy/opt/gz_gui_vendor/share/gz:/opt/ros/jazzy/opt/gz_transport_vendor/share/gz:/opt/ros/jazzy/opt/gz_rendering_vendor/share/gz:/opt/ros/jazzy/opt/gz_plugin_vendor/share/gz:/opt/ros/jazzy/opt/gz_fuel_tools_vendor/share/gz:/opt/ros/jazzy/opt/gz_msgs_vendor/share/gz:/opt/ros/jazzy/opt/gz_common_vendor/share/gz', 'XDG_SESSION_TYPE': 'tty', 'MCFLY_HISTFILE': '/home/pitosalas/.bash_history', 'SHLVL': '2', 'LD_LIBRARY_PATH': '/home/pitosalas/uros_ws/install/micro_ros_agent/lib:/home/pitosalas/uros_ws/install/micro_ros_msgs/lib:/opt/ros/jazzy/opt/gz_sim_vendor/lib:/opt/ros/jazzy/opt/gz_sensors_vendor/lib:/opt/ros/jazzy/opt/gz_physics_vendor/lib:/opt/ros/jazzy/opt/sdformat_vendor/lib:/opt/ros/jazzy/opt/rviz_ogre_vendor/lib:/opt/ros/jazzy/lib/aarch64-linux-gnu:/opt/ros/jazzy/opt/gz_gui_vendor/lib:/opt/ros/jazzy/opt/gz_transport_vendor/lib:/opt/ros/jazzy/opt/gz_rendering_vendor/lib:/opt/ros/jazzy/opt/gz_plugin_vendor/lib:/opt/ros/jazzy/opt/gz_fuel_tools_vendor/lib:/opt/ros/jazzy/opt/gz_msgs_vendor/lib:/opt/ros/jazzy/opt/gz_common_vendor/lib:/opt/ros/jazzy/opt/gz_math_vendor/lib:/opt/ros/jazzy/opt/gz_utils_vendor/lib:/opt/ros/jazzy/opt/gz_tools_vendor/lib:/opt/ros/jazzy/opt/gz_ogre_next_vendor/lib:/opt/ros/jazzy/opt/gz_dartsim_vendor/lib:/opt/ros/jazzy/opt/gz_cmake_vendor/lib:/opt/ros/jazzy/lib', 'HOME': '/home/pitosalas', 'MCFLY_HISTORY': '/tmp/mcfly.Z83EhEYy', 'OLDPWD': '/home/pitosalas/linorobot2_hardware/test_sensors', 'TERM_PROGRAM_VERSION': '3.4', 'SSH_TTY': '/dev/pts/0', 'ROS_PYTHON_VERSION': '3', 'PS1': '[\\h:\\w]', 'DBUS_SESSION_BUS_ADDRESS': 'unix:path=/run/user/1000/bus', 'LC_TERMINAL_VERSION': '3.5.11', 'COLCON_PREFIX_PATH': '/home/pitosalas/linorobot2_ws/install:/home/pitosalas/uros_ws/install', 'ROS_DISTRO': 'jazzy', 'LOGNAME': 'pitosalas', '_': '/usr/bin/colcon', 'ROS_VERSION': '2', 'XDG_SESSION_CLASS': 'user', 'TERM': 'tmux-256color', 'XDG_SESSION_ID': '1', 'HISTCONTROL': 'ignorespace', 'PATH': '/opt/ros/jazzy/opt/gz_msgs_vendor/bin:/opt/ros/jazzy/opt/gz_tools_vendor/bin:/opt/ros/jazzy/opt/gz_ogre_next_vendor/bin:/opt/ros/jazzy/bin:/usr/local/sbin:/usr/local/bin:/usr/sbin:/usr/bin:/sbin:/bin:/usr/games:/usr/local/games:/snap/bin:/home/pitosalas/.local/bin:/home/pitosalas/.platformio/penv/bin:/home/pitosalas/.local/bin:/home/pitosalas/.platformio/penv/bin', 'XDG_RUNTIME_DIR': '/run/user/1000', 'LANG': 'en_US.UTF-8', 'TERM_PROGRAM': 'tmux', 'AMENT_PREFIX_PATH': '/home/pitosalas/linorobot2_ws/install/micro_ros_setup:/home/pitosalas/linorobot2_ws/install/linorobot2_navigation:/home/pitosalas/linorobot2_ws/install/linorobot2_gazebo:/home/pitosalas/linorobot2_ws/install/dome:/home/pitosalas/linorobot2_ws/install/linorobot2_description:/home/pitosalas/linorobot2_ws/install/linorobot2_bringup:/home/pitosalas/linorobot2_ws/install/linorobot2_base:/home/pitosalas/linorobot2_ws/install/linorobot2:/home/pitosalas/linorobot2_ws/install/imu_calib:/home/pitosalas/linorobot2_ws/install/hls_lfcd_lds_driver:/home/pitosalas/uros_ws/install/micro_ros_agent:/home/pitosalas/uros_ws/install/micro_ros_msgs:/opt/ros/jazzy', 'SHELL': '/bin/bash', 'LC_TERMINAL': 'iTerm2', 'ROS_AUTOMATIC_DISCOVERY_RANGE': 'SUBNET', 'PWD': '/home/pitosalas/linorobot2_hardware/firmware/build/my_custom_message', 'MCFLY_SESSION_ID': 'k8QHgRDQaWG7ToZ80wEfLlZw', 'LC_ALL': 'en_US.UTF-8', 'SSH_CONNECTION': '192.168.5.76 60890 192.168.5.118 22', 'XDG_DATA_DIRS': '/usr/local/share:/usr/share:/var/lib/snapd/desktop', 'LINOROBOT2_DEPTH_SENSOR': '', 'PYTHONPATH': '/home/pitosalas/linorobot2_ws/install/linorobot2_gazebo/lib/python3.12/site-packages:/home/pitosalas/linorobot2_ws/install/dome/lib/python3.12/site-packages:/home/pitosalas/uros_ws/install/micro_ros_msgs/lib/python3.12/site-packages:/opt/ros/jazzy/lib/python3.12/site-packages', 'COLCON': '1', 'LINOROBOT2_LASER_SENSOR': '', 'TMUX_PANE': '%2', 'CMAKE_PREFIX_PATH': '/home/pitosalas/linorobot2_ws/install/micro_ros_setup:/home/pitosalas/linorobot2_ws/install/linorobot2_navigation:/home/pitosalas/linorobot2_ws/install/linorobot2_gazebo:/home/pitosalas/linorobot2_ws/install/linorobot2_description:/home/pitosalas/linorobot2_ws/install/linorobot2_bringup:/home/pitosalas/linorobot2_ws/install/linorobot2_base:/home/pitosalas/linorobot2_ws/install/linorobot2:/home/pitosalas/linorobot2_ws/install/imu_calib:/home/pitosalas/linorobot2_ws/install/hls_lfcd_lds_driver:/home/pitosalas/uros_ws/install/micro_ros_agent:/home/pitosalas/uros_ws/install/micro_ros_msgs:/opt/ros/jazzy/opt/gz_sim_vendor:/opt/ros/jazzy/opt/gz_sensors_vendor:/opt/ros/jazzy/opt/gz_physics_vendor:/opt/ros/jazzy/opt/sdformat_vendor:/opt/ros/jazzy/opt/gz_gui_vendor:/opt/ros/jazzy/opt/gz_transport_vendor:/opt/ros/jazzy/opt/gz_rendering_vendor:/opt/ros/jazzy/opt/gz_plugin_vendor:/opt/ros/jazzy/opt/gz_fuel_tools_vendor:/opt/ros/jazzy/opt/gz_msgs_vendor:/opt/ros/jazzy/opt/gz_common_vendor:/opt/ros/jazzy/opt/gz_math_vendor:/opt/ros/jazzy/opt/gz_utils_vendor:/opt/ros/jazzy/opt/gz_tools_vendor:/opt/ros/jazzy/opt/gz_ogre_next_vendor:/opt/ros/jazzy/opt/gz_dartsim_vendor:/opt/ros/jazzy/opt/gz_cmake_vendor:/home/pitosalas/linorobot2_ws/install/dome:/opt/ros/jazzy', 'ROS2_WS': 'linorobot2_ws'}), 'shell': False}
[33.351494] (my_custom_message) StdoutLine: {'line': b'-- Install configuration: ""\n'}
[33.353628] (my_custom_message) StdoutLine: {'line': b'-- Execute custom install script\n'}
[33.355456] (my_custom_message) StdoutLine: {'line': b'-- Symlinking: /home/pitosalas/linorobot2_hardware/firmware/install/my_custom_message/share/ament_index/resource_index/rosidl_interfaces/my_custom_message\n'}
[33.370454] (-) TimerEvent: {}
[33.412651] (my_custom_message) StdoutLine: {'line': b'-- Symlinking: /home/pitosalas/linorobot2_hardware/firmware/install/my_custom_message/share/my_custom_message/msg/MyCustomMessage.json\n'}
[33.470634] (-) TimerEvent: {}
[33.473120] (my_custom_message) StdoutLine: {'line': b'-- Symlinking: /home/pitosalas/linorobot2_hardware/firmware/install/my_custom_message/include/my_custom_message/my_custom_message/msg/detail/my_custom_message__functions.h\n'}
[33.532851] (my_custom_message) StdoutLine: {'line': b'-- Symlinking: /home/pitosalas/linorobot2_hardware/firmware/install/my_custom_message/include/my_custom_message/my_custom_message/msg/detail/my_custom_message__struct.h\n'}
[33.570956] (-) TimerEvent: {}
[33.589868] (my_custom_message) StdoutLine: {'line': b'-- Symlinking: /home/pitosalas/linorobot2_hardware/firmware/install/my_custom_message/include/my_custom_message/my_custom_message/msg/detail/my_custom_message__type_support.h\n'}
[33.648853] (my_custom_message) StdoutLine: {'line': b'-- Symlinking: /home/pitosalas/linorobot2_hardware/firmware/install/my_custom_message/include/my_custom_message/my_custom_message/msg/my_custom_message.h\n'}
[33.671104] (-) TimerEvent: {}
[33.705605] (my_custom_message) StdoutLine: {'line': b'-- Symlinking: /home/pitosalas/linorobot2_hardware/firmware/install/my_custom_message/include/my_custom_message/my_custom_message/msg/rosidl_generator_c__visibility_control.h\n'}
[33.763956] (my_custom_message) StdoutLine: {'line': b'-- Symlinking: /home/pitosalas/linorobot2_hardware/firmware/install/my_custom_message/share/my_custom_message/environment/library_path.sh\n'}
[33.771279] (-) TimerEvent: {}
[33.821533] (my_custom_message) StdoutLine: {'line': b'-- Symlinking: /home/pitosalas/linorobot2_hardware/firmware/install/my_custom_message/share/my_custom_message/environment/library_path.dsv\n'}
[33.871477] (-) TimerEvent: {}
[33.880823] (my_custom_message) StdoutLine: {'line': b'-- Symlinking: /home/pitosalas/linorobot2_hardware/firmware/install/my_custom_message/include/my_custom_message/my_custom_message/msg/detail/my_custom_message__rosidl_typesupport_fastrtps_c.h\n'}
[33.937375] (my_custom_message) StdoutLine: {'line': b'-- Symlinking: /home/pitosalas/linorobot2_hardware/firmware/install/my_custom_message/include/my_custom_message/my_custom_message/msg/rosidl_typesupport_fastrtps_c__visibility_control.h\n'}
[33.971653] (-) TimerEvent: {}
[33.996834] (my_custom_message) StdoutLine: {'line': b'-- Symlinking: /home/pitosalas/linorobot2_hardware/firmware/install/my_custom_message/include/my_custom_message/my_custom_message/msg/detail/my_custom_message__rosidl_typesupport_introspection_c.h\n'}
[34.054265] (my_custom_message) StdoutLine: {'line': b'-- Symlinking: /home/pitosalas/linorobot2_hardware/firmware/install/my_custom_message/include/my_custom_message/my_custom_message/msg/rosidl_typesupport_introspection_c__visibility_control.h\n'}
[34.071855] (-) TimerEvent: {}
[34.113008] (my_custom_message) StdoutLine: {'line': b'-- Symlinking: /home/pitosalas/linorobot2_hardware/firmware/install/my_custom_message/include/my_custom_message/my_custom_message/msg/detail/my_custom_message__builder.hpp\n'}
[34.170170] (my_custom_message) StdoutLine: {'line': b'-- Symlinking: /home/pitosalas/linorobot2_hardware/firmware/install/my_custom_message/include/my_custom_message/my_custom_message/msg/detail/my_custom_message__struct.hpp\n'}
[34.171970] (-) TimerEvent: {}
[34.227624] (my_custom_message) StdoutLine: {'line': b'-- Symlinking: /home/pitosalas/linorobot2_hardware/firmware/install/my_custom_message/include/my_custom_message/my_custom_message/msg/detail/my_custom_message__traits.hpp\n'}
[34.272167] (-) TimerEvent: {}
[34.284497] (my_custom_message) StdoutLine: {'line': b'-- Symlinking: /home/pitosalas/linorobot2_hardware/firmware/install/my_custom_message/include/my_custom_message/my_custom_message/msg/detail/my_custom_message__type_support.hpp\n'}
[34.342430] (my_custom_message) StdoutLine: {'line': b'-- Symlinking: /home/pitosalas/linorobot2_hardware/firmware/install/my_custom_message/include/my_custom_message/my_custom_message/msg/my_custom_message.hpp\n'}
[34.372337] (-) TimerEvent: {}
[34.399192] (my_custom_message) StdoutLine: {'line': b'-- Symlinking: /home/pitosalas/linorobot2_hardware/firmware/install/my_custom_message/include/my_custom_message/my_custom_message/msg/rosidl_generator_cpp__visibility_control.hpp\n'}
[34.460227] (my_custom_message) StdoutLine: {'line': b'-- Symlinking: /home/pitosalas/linorobot2_hardware/firmware/install/my_custom_message/include/my_custom_message/my_custom_message/msg/detail/my_custom_message__rosidl_typesupport_fastrtps_cpp.hpp\n'}
[34.472576] (-) TimerEvent: {}
[34.518413] (my_custom_message) StdoutLine: {'line': b'-- Symlinking: /home/pitosalas/linorobot2_hardware/firmware/install/my_custom_message/include/my_custom_message/my_custom_message/msg/rosidl_typesupport_fastrtps_cpp__visibility_control.h\n'}
[34.572847] (-) TimerEvent: {}
[34.577355] (my_custom_message) StdoutLine: {'line': b'-- Symlinking: /home/pitosalas/linorobot2_hardware/firmware/install/my_custom_message/include/my_custom_message/my_custom_message/msg/detail/my_custom_message__rosidl_typesupport_introspection_cpp.hpp\n'}
[34.634909] (my_custom_message) StdoutLine: {'line': b'-- Symlinking: /home/pitosalas/linorobot2_hardware/firmware/install/my_custom_message/share/my_custom_message/environment/pythonpath.sh\n'}
[34.673023] (-) TimerEvent: {}
[34.695550] (my_custom_message) StdoutLine: {'line': b'-- Symlinking: /home/pitosalas/linorobot2_hardware/firmware/install/my_custom_message/share/my_custom_message/environment/pythonpath.dsv\n'}
[34.754045] (my_custom_message) StdoutLine: {'line': b'-- Symlinking: /home/pitosalas/linorobot2_hardware/firmware/install/my_custom_message/lib/python3.12/site-packages/my_custom_message-0.0.0-py3.12.egg-info/PKG-INFO\n'}
[34.773204] (-) TimerEvent: {}
[34.812033] (my_custom_message) StdoutLine: {'line': b'-- Symlinking: /home/pitosalas/linorobot2_hardware/firmware/install/my_custom_message/lib/python3.12/site-packages/my_custom_message-0.0.0-py3.12.egg-info/SOURCES.txt\n'}
[34.868003] (my_custom_message) StdoutLine: {'line': b'-- Symlinking: /home/pitosalas/linorobot2_hardware/firmware/install/my_custom_message/lib/python3.12/site-packages/my_custom_message-0.0.0-py3.12.egg-info/dependency_links.txt\n'}
[34.873381] (-) TimerEvent: {}
[34.926126] (my_custom_message) StdoutLine: {'line': b'-- Symlinking: /home/pitosalas/linorobot2_hardware/firmware/install/my_custom_message/lib/python3.12/site-packages/my_custom_message-0.0.0-py3.12.egg-info/top_level.txt\n'}
[34.973562] (-) TimerEvent: {}
[34.986682] (my_custom_message) StdoutLine: {'line': b'-- Symlinking: /home/pitosalas/linorobot2_hardware/firmware/install/my_custom_message/lib/python3.12/site-packages/my_custom_message/__init__.py\n'}
[35.046563] (my_custom_message) StdoutLine: {'line': b'-- Symlinking: /home/pitosalas/linorobot2_hardware/firmware/install/my_custom_message/lib/python3.12/site-packages/my_custom_message/_my_custom_message_s.ep.rosidl_typesupport_c.c\n'}
[35.073738] (-) TimerEvent: {}
[35.102389] (my_custom_message) StdoutLine: {'line': b'-- Symlinking: /home/pitosalas/linorobot2_hardware/firmware/install/my_custom_message/lib/python3.12/site-packages/my_custom_message/_my_custom_message_s.ep.rosidl_typesupport_fastrtps_c.c\n'}
[35.159156] (my_custom_message) StdoutLine: {'line': b'-- Symlinking: /home/pitosalas/linorobot2_hardware/firmware/install/my_custom_message/lib/python3.12/site-packages/my_custom_message/_my_custom_message_s.ep.rosidl_typesupport_introspection_c.c\n'}
[35.173922] (-) TimerEvent: {}
[35.215660] (my_custom_message) StdoutLine: {'line': b'-- Symlinking: /home/pitosalas/linorobot2_hardware/firmware/install/my_custom_message/lib/python3.12/site-packages/my_custom_message/msg/__init__.py\n'}
[35.273064] (my_custom_message) StdoutLine: {'line': b'-- Symlinking: /home/pitosalas/linorobot2_hardware/firmware/install/my_custom_message/lib/python3.12/site-packages/my_custom_message/msg/_my_custom_message.py\n'}
[35.274025] (-) TimerEvent: {}
[35.328656] (my_custom_message) StdoutLine: {'line': b'-- Symlinking: /home/pitosalas/linorobot2_hardware/firmware/install/my_custom_message/lib/python3.12/site-packages/my_custom_message/msg/_my_custom_message_s.c\n'}
[35.374261] (-) TimerEvent: {}
[35.385911] (my_custom_message) StdoutLine: {'line': b'-- Symlinking: /home/pitosalas/linorobot2_hardware/firmware/install/my_custom_message/lib/python3.12/site-packages/my_custom_message/my_custom_message_s__rosidl_typesupport_c.so\n'}
[35.442021] (my_custom_message) StdoutLine: {'line': b'-- Symlinking: /home/pitosalas/linorobot2_hardware/firmware/install/my_custom_message/lib/python3.12/site-packages/my_custom_message/my_custom_message_s__rosidl_typesupport_fastrtps_c.so\n'}
[35.474461] (-) TimerEvent: {}
[35.501909] (my_custom_message) StdoutLine: {'line': b'-- Symlinking: /home/pitosalas/linorobot2_hardware/firmware/install/my_custom_message/lib/python3.12/site-packages/my_custom_message/my_custom_message_s__rosidl_typesupport_introspection_c.so\n'}
[35.559732] (my_custom_message) StdoutLine: {'line': b'-- Up-to-date symlink: /home/pitosalas/linorobot2_hardware/firmware/install/my_custom_message/lib/python3.12/site-packages/my_custom_message/my_custom_message_s__rosidl_typesupport_fastrtps_c.so\n'}
[35.561510] (my_custom_message) StdoutLine: {'line': b'-- Up-to-date symlink: /home/pitosalas/linorobot2_hardware/firmware/install/my_custom_message/lib/python3.12/site-packages/my_custom_message/my_custom_message_s__rosidl_typesupport_introspection_c.so\n'}
[35.563513] (my_custom_message) StdoutLine: {'line': b'-- Up-to-date symlink: /home/pitosalas/linorobot2_hardware/firmware/install/my_custom_message/lib/python3.12/site-packages/my_custom_message/my_custom_message_s__rosidl_typesupport_c.so\n'}
[35.564509] (my_custom_message) StdoutLine: {'line': b'-- Symlinking: /home/pitosalas/linorobot2_hardware/firmware/install/my_custom_message/share/my_custom_message/msg/MyCustomMessage.idl\n'}
[35.574657] (-) TimerEvent: {}
[35.621580] (my_custom_message) StdoutLine: {'line': b'-- Symlinking: /home/pitosalas/linorobot2_hardware/firmware/install/my_custom_message/share/my_custom_message/msg/MyCustomMessage.msg\n'}
[35.674934] (-) TimerEvent: {}
[35.679280] (my_custom_message) StdoutLine: {'line': b'-- Symlinking: /home/pitosalas/linorobot2_hardware/firmware/install/my_custom_message/share/ament_index/resource_index/package_run_dependencies/my_custom_message\n'}
[35.738010] (my_custom_message) StdoutLine: {'line': b'-- Symlinking: /home/pitosalas/linorobot2_hardware/firmware/install/my_custom_message/share/ament_index/resource_index/parent_prefix_path/my_custom_message\n'}
[35.775116] (-) TimerEvent: {}
[35.795635] (my_custom_message) StdoutLine: {'line': b'-- Symlinking: /home/pitosalas/linorobot2_hardware/firmware/install/my_custom_message/share/my_custom_message/environment/ament_prefix_path.sh\n'}
[35.853854] (my_custom_message) StdoutLine: {'line': b'-- Symlinking: /home/pitosalas/linorobot2_hardware/firmware/install/my_custom_message/share/my_custom_message/environment/ament_prefix_path.dsv\n'}
[35.875290] (-) TimerEvent: {}
[35.910975] (my_custom_message) StdoutLine: {'line': b'-- Symlinking: /home/pitosalas/linorobot2_hardware/firmware/install/my_custom_message/share/my_custom_message/environment/path.sh\n'}
[35.968107] (my_custom_message) StdoutLine: {'line': b'-- Symlinking: /home/pitosalas/linorobot2_hardware/firmware/install/my_custom_message/share/my_custom_message/environment/path.dsv\n'}
[35.975462] (-) TimerEvent: {}
[36.025344] (my_custom_message) StdoutLine: {'line': b'-- Symlinking: /home/pitosalas/linorobot2_hardware/firmware/install/my_custom_message/share/my_custom_message/local_setup.bash\n'}
[36.075653] (-) TimerEvent: {}
[36.082529] (my_custom_message) StdoutLine: {'line': b'-- Symlinking: /home/pitosalas/linorobot2_hardware/firmware/install/my_custom_message/share/my_custom_message/local_setup.sh\n'}
[36.155868] (my_custom_message) StdoutLine: {'line': b'-- Symlinking: /home/pitosalas/linorobot2_hardware/firmware/install/my_custom_message/share/my_custom_message/local_setup.zsh\n'}
[36.175869] (-) TimerEvent: {}
[36.217480] (my_custom_message) StdoutLine: {'line': b'-- Symlinking: /home/pitosalas/linorobot2_hardware/firmware/install/my_custom_message/share/my_custom_message/local_setup.dsv\n'}
[36.274071] (my_custom_message) StdoutLine: {'line': b'-- Symlinking: /home/pitosalas/linorobot2_hardware/firmware/install/my_custom_message/share/my_custom_message/package.dsv\n'}
[36.275996] (-) TimerEvent: {}
[36.332483] (my_custom_message) StdoutLine: {'line': b'-- Symlinking: /home/pitosalas/linorobot2_hardware/firmware/install/my_custom_message/share/ament_index/resource_index/packages/my_custom_message\n'}
[36.376186] (-) TimerEvent: {}
[36.390717] (my_custom_message) StdoutLine: {'line': b'-- Symlinking: /home/pitosalas/linorobot2_hardware/firmware/install/my_custom_message/share/my_custom_message/cmake/rosidl_cmake-extras.cmake\n'}
[36.448818] (my_custom_message) StdoutLine: {'line': b'-- Symlinking: /home/pitosalas/linorobot2_hardware/firmware/install/my_custom_message/share/my_custom_message/cmake/ament_cmake_export_include_directories-extras.cmake\n'}
[36.476374] (-) TimerEvent: {}
[36.505632] (my_custom_message) StdoutLine: {'line': b'-- Symlinking: /home/pitosalas/linorobot2_hardware/firmware/install/my_custom_message/share/my_custom_message/cmake/ament_cmake_export_libraries-extras.cmake\n'}
[36.563363] (my_custom_message) StdoutLine: {'line': b'-- Symlinking: /home/pitosalas/linorobot2_hardware/firmware/install/my_custom_message/share/my_custom_message/cmake/ament_cmake_export_targets-extras.cmake\n'}
[36.576569] (-) TimerEvent: {}
[36.620109] (my_custom_message) StdoutLine: {'line': b'-- Symlinking: /home/pitosalas/linorobot2_hardware/firmware/install/my_custom_message/share/my_custom_message/cmake/rosidl_cmake_export_typesupport_targets-extras.cmake\n'}
[36.676757] (-) TimerEvent: {}
[36.678047] (my_custom_message) StdoutLine: {'line': b'-- Symlinking: /home/pitosalas/linorobot2_hardware/firmware/install/my_custom_message/share/my_custom_message/cmake/ament_cmake_export_dependencies-extras.cmake\n'}
[36.733967] (my_custom_message) StdoutLine: {'line': b'-- Symlinking: /home/pitosalas/linorobot2_hardware/firmware/install/my_custom_message/share/my_custom_message/cmake/rosidl_cmake_export_typesupport_libraries-extras.cmake\n'}
[36.776954] (-) TimerEvent: {}
[36.791635] (my_custom_message) StdoutLine: {'line': b'-- Symlinking: /home/pitosalas/linorobot2_hardware/firmware/install/my_custom_message/share/my_custom_message/cmake/my_custom_messageConfig.cmake\n'}
[36.849994] (my_custom_message) StdoutLine: {'line': b'-- Symlinking: /home/pitosalas/linorobot2_hardware/firmware/install/my_custom_message/share/my_custom_message/cmake/my_custom_messageConfig-version.cmake\n'}
[36.877140] (-) TimerEvent: {}
[36.907670] (my_custom_message) StdoutLine: {'line': b'-- Symlinking: /home/pitosalas/linorobot2_hardware/firmware/install/my_custom_message/share/my_custom_message/package.xml\n'}
[36.963660] (my_custom_message) StdoutLine: {'line': b'-- Installing: /home/pitosalas/linorobot2_hardware/firmware/install/my_custom_message/lib/libmy_custom_message__rosidl_generator_c.so\n'}
[36.966965] (my_custom_message) StdoutLine: {'line': b'-- Set non-toolchain portion of runtime path of "/home/pitosalas/linorobot2_hardware/firmware/install/my_custom_message/lib/libmy_custom_message__rosidl_generator_c.so" to ""\n'}
[36.967662] (my_custom_message) StdoutLine: {'line': b'-- Installing: /home/pitosalas/linorobot2_hardware/firmware/install/my_custom_message/lib/libmy_custom_message__rosidl_typesupport_fastrtps_c.so\n'}
[36.971382] (my_custom_message) StdoutLine: {'line': b'-- Set non-toolchain portion of runtime path of "/home/pitosalas/linorobot2_hardware/firmware/install/my_custom_message/lib/libmy_custom_message__rosidl_typesupport_fastrtps_c.so" to ""\n'}
[36.972079] (my_custom_message) StdoutLine: {'line': b'-- Installing: /home/pitosalas/linorobot2_hardware/firmware/install/my_custom_message/lib/libmy_custom_message__rosidl_typesupport_introspection_c.so\n'}
[36.975754] (my_custom_message) StdoutLine: {'line': b'-- Set non-toolchain portion of runtime path of "/home/pitosalas/linorobot2_hardware/firmware/install/my_custom_message/lib/libmy_custom_message__rosidl_typesupport_introspection_c.so" to ""\n'}
[36.976628] (my_custom_message) StdoutLine: {'line': b'-- Installing: /home/pitosalas/linorobot2_hardware/firmware/install/my_custom_message/lib/libmy_custom_message__rosidl_typesupport_c.so\n'}
[36.977323] (-) TimerEvent: {}
[36.979958] (my_custom_message) StdoutLine: {'line': b'-- Set non-toolchain portion of runtime path of "/home/pitosalas/linorobot2_hardware/firmware/install/my_custom_message/lib/libmy_custom_message__rosidl_typesupport_c.so" to ""\n'}
[36.980621] (my_custom_message) StdoutLine: {'line': b'-- Installing: /home/pitosalas/linorobot2_hardware/firmware/install/my_custom_message/lib/libmy_custom_message__rosidl_typesupport_fastrtps_cpp.so\n'}
[36.983728] (my_custom_message) StdoutLine: {'line': b'-- Set non-toolchain portion of runtime path of "/home/pitosalas/linorobot2_hardware/firmware/install/my_custom_message/lib/libmy_custom_message__rosidl_typesupport_fastrtps_cpp.so" to ""\n'}
[36.984419] (my_custom_message) StdoutLine: {'line': b'-- Installing: /home/pitosalas/linorobot2_hardware/firmware/install/my_custom_message/lib/libmy_custom_message__rosidl_typesupport_introspection_cpp.so\n'}
[36.988138] (my_custom_message) StdoutLine: {'line': b'-- Set non-toolchain portion of runtime path of "/home/pitosalas/linorobot2_hardware/firmware/install/my_custom_message/lib/libmy_custom_message__rosidl_typesupport_introspection_cpp.so" to ""\n'}
[36.988907] (my_custom_message) StdoutLine: {'line': b'-- Installing: /home/pitosalas/linorobot2_hardware/firmware/install/my_custom_message/lib/libmy_custom_message__rosidl_typesupport_cpp.so\n'}
[36.992075] (my_custom_message) StdoutLine: {'line': b'-- Set non-toolchain portion of runtime path of "/home/pitosalas/linorobot2_hardware/firmware/install/my_custom_message/lib/libmy_custom_message__rosidl_typesupport_cpp.so" to ""\n'}
[37.077508] (-) TimerEvent: {}
[37.173248] (my_custom_message) StdoutLine: {'line': b"Listing '/home/pitosalas/linorobot2_hardware/firmware/install/my_custom_message/lib/python3.12/site-packages/my_custom_message'...\n"}
[37.174475] (my_custom_message) StdoutLine: {'line': b"Compiling '/home/pitosalas/linorobot2_hardware/firmware/install/my_custom_message/lib/python3.12/site-packages/my_custom_message/__init__.py'...\n"}
[37.175481] (my_custom_message) StdoutLine: {'line': b"Listing '/home/pitosalas/linorobot2_hardware/firmware/install/my_custom_message/lib/python3.12/site-packages/my_custom_message/msg'...\n"}
[37.176452] (my_custom_message) StdoutLine: {'line': b"Compiling '/home/pitosalas/linorobot2_hardware/firmware/install/my_custom_message/lib/python3.12/site-packages/my_custom_message/msg/__init__.py'...\n"}
[37.177334] (my_custom_message) StdoutLine: {'line': b"Compiling '/home/pitosalas/linorobot2_hardware/firmware/install/my_custom_message/lib/python3.12/site-packages/my_custom_message/msg/_my_custom_message.py'...\n"}
[37.178142] (-) TimerEvent: {}
[37.204649] (my_custom_message) StdoutLine: {'line': b'-- Installing: /home/pitosalas/linorobot2_hardware/firmware/install/my_custom_message/lib/libmy_custom_message__rosidl_generator_py.so\n'}
[37.207820] (my_custom_message) StdoutLine: {'line': b'-- Set non-toolchain portion of runtime path of "/home/pitosalas/linorobot2_hardware/firmware/install/my_custom_message/lib/libmy_custom_message__rosidl_generator_py.so" to ""\n'}
[37.208468] (my_custom_message) StdoutLine: {'line': b'-- Installing: /home/pitosalas/linorobot2_hardware/firmware/install/my_custom_message/share/my_custom_message/cmake/export_my_custom_message__rosidl_generator_cExport.cmake\n'}
[37.210081] (my_custom_message) StdoutLine: {'line': b'-- Installing: /home/pitosalas/linorobot2_hardware/firmware/install/my_custom_message/share/my_custom_message/cmake/export_my_custom_message__rosidl_generator_cExport-noconfig.cmake\n'}
[37.211628] (my_custom_message) StdoutLine: {'line': b'-- Installing: /home/pitosalas/linorobot2_hardware/firmware/install/my_custom_message/share/my_custom_message/cmake/export_my_custom_message__rosidl_typesupport_fastrtps_cExport.cmake\n'}
[37.213191] (my_custom_message) StdoutLine: {'line': b'-- Installing: /home/pitosalas/linorobot2_hardware/firmware/install/my_custom_message/share/my_custom_message/cmake/export_my_custom_message__rosidl_typesupport_fastrtps_cExport-noconfig.cmake\n'}
[37.214862] (my_custom_message) StdoutLine: {'line': b'-- Installing: /home/pitosalas/linorobot2_hardware/firmware/install/my_custom_message/share/my_custom_message/cmake/my_custom_message__rosidl_typesupport_introspection_cExport.cmake\n'}
[37.216425] (my_custom_message) StdoutLine: {'line': b'-- Installing: /home/pitosalas/linorobot2_hardware/firmware/install/my_custom_message/share/my_custom_message/cmake/my_custom_message__rosidl_typesupport_introspection_cExport-noconfig.cmake\n'}
[37.218016] (my_custom_message) StdoutLine: {'line': b'-- Installing: /home/pitosalas/linorobot2_hardware/firmware/install/my_custom_message/share/my_custom_message/cmake/my_custom_message__rosidl_typesupport_cExport.cmake\n'}
[37.219410] (my_custom_message) StdoutLine: {'line': b'-- Installing: /home/pitosalas/linorobot2_hardware/firmware/install/my_custom_message/share/my_custom_message/cmake/my_custom_message__rosidl_typesupport_cExport-noconfig.cmake\n'}
[37.220864] (my_custom_message) StdoutLine: {'line': b'-- Installing: /home/pitosalas/linorobot2_hardware/firmware/install/my_custom_message/share/my_custom_message/cmake/export_my_custom_message__rosidl_generator_cppExport.cmake\n'}
[37.222337] (my_custom_message) StdoutLine: {'line': b'-- Installing: /home/pitosalas/linorobot2_hardware/firmware/install/my_custom_message/share/my_custom_message/cmake/export_my_custom_message__rosidl_typesupport_fastrtps_cppExport.cmake\n'}
[37.223848] (my_custom_message) StdoutLine: {'line': b'-- Installing: /home/pitosalas/linorobot2_hardware/firmware/install/my_custom_message/share/my_custom_message/cmake/export_my_custom_message__rosidl_typesupport_fastrtps_cppExport-noconfig.cmake\n'}
[37.225418] (my_custom_message) StdoutLine: {'line': b'-- Installing: /home/pitosalas/linorobot2_hardware/firmware/install/my_custom_message/share/my_custom_message/cmake/my_custom_message__rosidl_typesupport_introspection_cppExport.cmake\n'}
[37.226929] (my_custom_message) StdoutLine: {'line': b'-- Installing: /home/pitosalas/linorobot2_hardware/firmware/install/my_custom_message/share/my_custom_message/cmake/my_custom_message__rosidl_typesupport_introspection_cppExport-noconfig.cmake\n'}
[37.228453] (my_custom_message) StdoutLine: {'line': b'-- Installing: /home/pitosalas/linorobot2_hardware/firmware/install/my_custom_message/share/my_custom_message/cmake/my_custom_message__rosidl_typesupport_cppExport.cmake\n'}
[37.229875] (my_custom_message) StdoutLine: {'line': b'-- Installing: /home/pitosalas/linorobot2_hardware/firmware/install/my_custom_message/share/my_custom_message/cmake/my_custom_message__rosidl_typesupport_cppExport-noconfig.cmake\n'}
[37.231360] (my_custom_message) StdoutLine: {'line': b'-- Installing: /home/pitosalas/linorobot2_hardware/firmware/install/my_custom_message/share/my_custom_message/cmake/export_my_custom_message__rosidl_generator_pyExport.cmake\n'}
[37.232710] (my_custom_message) StdoutLine: {'line': b'-- Installing: /home/pitosalas/linorobot2_hardware/firmware/install/my_custom_message/share/my_custom_message/cmake/export_my_custom_message__rosidl_generator_pyExport-noconfig.cmake\n'}
[37.240745] (my_custom_message) CommandEnded: {'returncode': 0}
[37.278337] (-) TimerEvent: {}
[37.345608] (my_custom_message) JobEnded: {'identifier': 'my_custom_message', 'rc': 0}
[37.348183] (-) EventReactorShutdown: {}
