[0.469s] DEBUG:colcon:Command line arguments: ['/usr/bin/colcon', 'build', '--symlink-install']
[0.470s] DEBUG:colcon:Parsed command line arguments: Namespace(log_base=None, log_level=None, verb_name='build', build_base='build', install_base='install', merge_install=False, symlink_install=True, test_result_base=None, continue_on_error=False, executor='parallel', parallel_workers=4, event_handlers=None, ignore_user_meta=False, metas=['./colcon.meta'], base_paths=['.'], packages_ignore=None, packages_ignore_regex=None, paths=None, packages_up_to=None, packages_up_to_regex=None, packages_above=None, packages_above_and_dependencies=None, packages_above_depth=None, packages_select_by_dep=None, packages_skip_by_dep=None, packages_skip_up_to=None, packages_select_build_failed=False, packages_skip_build_finished=False, packages_select_test_failures=False, packages_skip_test_passed=False, packages_select=None, packages_skip=None, packages_select_regex=None, packages_skip_regex=None, packages_start=None, packages_end=None, allow_overriding=[], cmake_args=None, cmake_target=None, cmake_target_skip_unavailable=False, cmake_clean_cache=False, cmake_clean_first=False, cmake_force_configure=False, ament_cmake_args=None, catkin_cmake_args=None, catkin_skip_building_tests=False, mixin_files=None, mixin=None, verb_parser=<colcon_mixin.mixin.mixin_argument.MixinArgumentDecorator object at 0xffff93f7eae0>, verb_extension=<colcon_core.verb.build.BuildVerb object at 0xffff940a7230>, main=<bound method BuildVerb.main of <colcon_core.verb.build.BuildVerb object at 0xffff940a7230>>, mixin_verb=('build',))
[0.639s] Level 1:colcon.colcon_core.package_discovery:discover_packages(colcon_meta) check parameters
[0.640s] Level 1:colcon.colcon_core.package_discovery:discover_packages(recursive) check parameters
[0.640s] Level 1:colcon.colcon_core.package_discovery:discover_packages(ignore) check parameters
[0.640s] Level 1:colcon.colcon_core.package_discovery:discover_packages(path) check parameters
[0.640s] Level 1:colcon.colcon_core.package_discovery:discover_packages(colcon_meta) discover
[0.640s] Level 1:colcon.colcon_core.package_discovery:discover_packages(recursive) discover
[0.640s] INFO:colcon.colcon_core.package_discovery:Crawling recursively for packages in '/home/pitosalas/linorobot2_hardware/firmware'
[0.641s] Level 1:colcon.colcon_core.package_identification:_identify(.) by extensions ['ignore', 'ignore_ament_install']
[0.641s] Level 1:colcon.colcon_core.package_identification:_identify(.) by extension 'ignore'
[0.641s] Level 1:colcon.colcon_core.package_identification:_identify(.) by extension 'ignore_ament_install'
[0.642s] Level 1:colcon.colcon_core.package_identification:_identify(.) by extensions ['colcon_pkg']
[0.642s] Level 1:colcon.colcon_core.package_identification:_identify(.) by extension 'colcon_pkg'
[0.642s] Level 1:colcon.colcon_core.package_identification:_identify(.) by extensions ['colcon_meta']
[0.642s] Level 1:colcon.colcon_core.package_identification:_identify(.) by extension 'colcon_meta'
[0.642s] Level 1:colcon.colcon_core.package_identification:_identify(.) by extensions ['ros']
[0.642s] Level 1:colcon.colcon_core.package_identification:_identify(.) by extension 'ros'
[0.755s] Level 1:colcon.colcon_core.package_identification:_identify(.) by extensions ['cmake', 'python']
[0.755s] Level 1:colcon.colcon_core.package_identification:_identify(.) by extension 'cmake'
[0.755s] Level 1:colcon.colcon_core.package_identification:_identify(.) by extension 'python'
[0.755s] Level 1:colcon.colcon_core.package_identification:_identify(.) by extensions ['python_setup_py']
[0.755s] Level 1:colcon.colcon_core.package_identification:_identify(.) by extension 'python_setup_py'
[0.756s] Level 1:colcon.colcon_core.package_identification:_identify(build) by extensions ['ignore', 'ignore_ament_install']
[0.756s] Level 1:colcon.colcon_core.package_identification:_identify(build) by extension 'ignore'
[0.757s] Level 1:colcon.colcon_core.package_identification:_identify(build) ignored
[0.757s] Level 1:colcon.colcon_core.package_identification:_identify(extra_packages) by extensions ['ignore', 'ignore_ament_install']
[0.757s] Level 1:colcon.colcon_core.package_identification:_identify(extra_packages) by extension 'ignore'
[0.758s] Level 1:colcon.colcon_core.package_identification:_identify(extra_packages) by extension 'ignore_ament_install'
[0.758s] Level 1:colcon.colcon_core.package_identification:_identify(extra_packages) by extensions ['colcon_pkg']
[0.758s] Level 1:colcon.colcon_core.package_identification:_identify(extra_packages) by extension 'colcon_pkg'
[0.758s] Level 1:colcon.colcon_core.package_identification:_identify(extra_packages) by extensions ['colcon_meta']
[0.758s] Level 1:colcon.colcon_core.package_identification:_identify(extra_packages) by extension 'colcon_meta'
[0.759s] Level 1:colcon.colcon_core.package_identification:_identify(extra_packages) by extensions ['ros']
[0.759s] Level 1:colcon.colcon_core.package_identification:_identify(extra_packages) by extension 'ros'
[0.759s] Level 1:colcon.colcon_core.package_identification:_identify(extra_packages) by extensions ['cmake', 'python']
[0.759s] Level 1:colcon.colcon_core.package_identification:_identify(extra_packages) by extension 'cmake'
[0.759s] Level 1:colcon.colcon_core.package_identification:_identify(extra_packages) by extension 'python'
[0.759s] Level 1:colcon.colcon_core.package_identification:_identify(extra_packages) by extensions ['python_setup_py']
[0.760s] Level 1:colcon.colcon_core.package_identification:_identify(extra_packages) by extension 'python_setup_py'
[0.760s] Level 1:colcon.colcon_core.package_identification:_identify(extra_packages/my_custom_message) by extensions ['ignore', 'ignore_ament_install']
[0.760s] Level 1:colcon.colcon_core.package_identification:_identify(extra_packages/my_custom_message) by extension 'ignore'
[0.761s] Level 1:colcon.colcon_core.package_identification:_identify(extra_packages/my_custom_message) by extension 'ignore_ament_install'
[0.761s] Level 1:colcon.colcon_core.package_identification:_identify(extra_packages/my_custom_message) by extensions ['colcon_pkg']
[0.761s] Level 1:colcon.colcon_core.package_identification:_identify(extra_packages/my_custom_message) by extension 'colcon_pkg'
[0.761s] Level 1:colcon.colcon_core.package_identification:_identify(extra_packages/my_custom_message) by extensions ['colcon_meta']
[0.761s] Level 1:colcon.colcon_core.package_identification:_identify(extra_packages/my_custom_message) by extension 'colcon_meta'
[0.761s] Level 1:colcon.colcon_core.package_identification:_identify(extra_packages/my_custom_message) by extensions ['ros']
[0.761s] Level 1:colcon.colcon_core.package_identification:_identify(extra_packages/my_custom_message) by extension 'ros'
[0.771s] DEBUG:colcon.colcon_core.package_identification:Package 'extra_packages/my_custom_message' with type 'ros.ament_cmake' and name 'my_custom_message'
[0.771s] Level 1:colcon.colcon_core.package_identification:_identify(include) by extensions ['ignore', 'ignore_ament_install']
[0.772s] Level 1:colcon.colcon_core.package_identification:_identify(include) by extension 'ignore'
[0.772s] Level 1:colcon.colcon_core.package_identification:_identify(include) by extension 'ignore_ament_install'
[0.772s] Level 1:colcon.colcon_core.package_identification:_identify(include) by extensions ['colcon_pkg']
[0.772s] Level 1:colcon.colcon_core.package_identification:_identify(include) by extension 'colcon_pkg'
[0.772s] Level 1:colcon.colcon_core.package_identification:_identify(include) by extensions ['colcon_meta']
[0.773s] Level 1:colcon.colcon_core.package_identification:_identify(include) by extension 'colcon_meta'
[0.773s] Level 1:colcon.colcon_core.package_identification:_identify(include) by extensions ['ros']
[0.773s] Level 1:colcon.colcon_core.package_identification:_identify(include) by extension 'ros'
[0.773s] Level 1:colcon.colcon_core.package_identification:_identify(include) by extensions ['cmake', 'python']
[0.773s] Level 1:colcon.colcon_core.package_identification:_identify(include) by extension 'cmake'
[0.773s] Level 1:colcon.colcon_core.package_identification:_identify(include) by extension 'python'
[0.774s] Level 1:colcon.colcon_core.package_identification:_identify(include) by extensions ['python_setup_py']
[0.774s] Level 1:colcon.colcon_core.package_identification:_identify(include) by extension 'python_setup_py'
[0.774s] Level 1:colcon.colcon_core.package_identification:_identify(install) by extensions ['ignore', 'ignore_ament_install']
[0.774s] Level 1:colcon.colcon_core.package_identification:_identify(install) by extension 'ignore'
[0.775s] Level 1:colcon.colcon_core.package_identification:_identify(install) ignored
[0.775s] Level 1:colcon.colcon_core.package_identification:_identify(lib) by extensions ['ignore', 'ignore_ament_install']
[0.775s] Level 1:colcon.colcon_core.package_identification:_identify(lib) by extension 'ignore'
[0.776s] Level 1:colcon.colcon_core.package_identification:_identify(lib) by extension 'ignore_ament_install'
[0.776s] Level 1:colcon.colcon_core.package_identification:_identify(lib) by extensions ['colcon_pkg']
[0.776s] Level 1:colcon.colcon_core.package_identification:_identify(lib) by extension 'colcon_pkg'
[0.776s] Level 1:colcon.colcon_core.package_identification:_identify(lib) by extensions ['colcon_meta']
[0.776s] Level 1:colcon.colcon_core.package_identification:_identify(lib) by extension 'colcon_meta'
[0.776s] Level 1:colcon.colcon_core.package_identification:_identify(lib) by extensions ['ros']
[0.777s] Level 1:colcon.colcon_core.package_identification:_identify(lib) by extension 'ros'
[0.777s] Level 1:colcon.colcon_core.package_identification:_identify(lib) by extensions ['cmake', 'python']
[0.777s] Level 1:colcon.colcon_core.package_identification:_identify(lib) by extension 'cmake'
[0.777s] Level 1:colcon.colcon_core.package_identification:_identify(lib) by extension 'python'
[0.778s] Level 1:colcon.colcon_core.package_identification:_identify(lib) by extensions ['python_setup_py']
[0.778s] Level 1:colcon.colcon_core.package_identification:_identify(lib) by extension 'python_setup_py'
[0.778s] Level 1:colcon.colcon_core.package_identification:_identify(lib/battery) by extensions ['ignore', 'ignore_ament_install']
[0.778s] Level 1:colcon.colcon_core.package_identification:_identify(lib/battery) by extension 'ignore'
[0.779s] Level 1:colcon.colcon_core.package_identification:_identify(lib/battery) by extension 'ignore_ament_install'
[0.779s] Level 1:colcon.colcon_core.package_identification:_identify(lib/battery) by extensions ['colcon_pkg']
[0.779s] Level 1:colcon.colcon_core.package_identification:_identify(lib/battery) by extension 'colcon_pkg'
[0.779s] Level 1:colcon.colcon_core.package_identification:_identify(lib/battery) by extensions ['colcon_meta']
[0.779s] Level 1:colcon.colcon_core.package_identification:_identify(lib/battery) by extension 'colcon_meta'
[0.779s] Level 1:colcon.colcon_core.package_identification:_identify(lib/battery) by extensions ['ros']
[0.780s] Level 1:colcon.colcon_core.package_identification:_identify(lib/battery) by extension 'ros'
[0.780s] Level 1:colcon.colcon_core.package_identification:_identify(lib/battery) by extensions ['cmake', 'python']
[0.780s] Level 1:colcon.colcon_core.package_identification:_identify(lib/battery) by extension 'cmake'
[0.780s] Level 1:colcon.colcon_core.package_identification:_identify(lib/battery) by extension 'python'
[0.780s] Level 1:colcon.colcon_core.package_identification:_identify(lib/battery) by extensions ['python_setup_py']
[0.781s] Level 1:colcon.colcon_core.package_identification:_identify(lib/battery) by extension 'python_setup_py'
[0.781s] Level 1:colcon.colcon_core.package_identification:_identify(lib/encoder) by extensions ['ignore', 'ignore_ament_install']
[0.781s] Level 1:colcon.colcon_core.package_identification:_identify(lib/encoder) by extension 'ignore'
[0.781s] Level 1:colcon.colcon_core.package_identification:_identify(lib/encoder) by extension 'ignore_ament_install'
[0.782s] Level 1:colcon.colcon_core.package_identification:_identify(lib/encoder) by extensions ['colcon_pkg']
[0.782s] Level 1:colcon.colcon_core.package_identification:_identify(lib/encoder) by extension 'colcon_pkg'
[0.782s] Level 1:colcon.colcon_core.package_identification:_identify(lib/encoder) by extensions ['colcon_meta']
[0.782s] Level 1:colcon.colcon_core.package_identification:_identify(lib/encoder) by extension 'colcon_meta'
[0.782s] Level 1:colcon.colcon_core.package_identification:_identify(lib/encoder) by extensions ['ros']
[0.782s] Level 1:colcon.colcon_core.package_identification:_identify(lib/encoder) by extension 'ros'
[0.783s] Level 1:colcon.colcon_core.package_identification:_identify(lib/encoder) by extensions ['cmake', 'python']
[0.783s] Level 1:colcon.colcon_core.package_identification:_identify(lib/encoder) by extension 'cmake'
[0.783s] Level 1:colcon.colcon_core.package_identification:_identify(lib/encoder) by extension 'python'
[0.783s] Level 1:colcon.colcon_core.package_identification:_identify(lib/encoder) by extensions ['python_setup_py']
[0.783s] Level 1:colcon.colcon_core.package_identification:_identify(lib/encoder) by extension 'python_setup_py'
[0.784s] Level 1:colcon.colcon_core.package_identification:_identify(lib/encoder/examples) by extensions ['ignore', 'ignore_ament_install']
[0.784s] Level 1:colcon.colcon_core.package_identification:_identify(lib/encoder/examples) by extension 'ignore'
[0.784s] Level 1:colcon.colcon_core.package_identification:_identify(lib/encoder/examples) by extension 'ignore_ament_install'
[0.784s] Level 1:colcon.colcon_core.package_identification:_identify(lib/encoder/examples) by extensions ['colcon_pkg']
[0.785s] Level 1:colcon.colcon_core.package_identification:_identify(lib/encoder/examples) by extension 'colcon_pkg'
[0.785s] Level 1:colcon.colcon_core.package_identification:_identify(lib/encoder/examples) by extensions ['colcon_meta']
[0.785s] Level 1:colcon.colcon_core.package_identification:_identify(lib/encoder/examples) by extension 'colcon_meta'
[0.785s] Level 1:colcon.colcon_core.package_identification:_identify(lib/encoder/examples) by extensions ['ros']
[0.785s] Level 1:colcon.colcon_core.package_identification:_identify(lib/encoder/examples) by extension 'ros'
[0.786s] Level 1:colcon.colcon_core.package_identification:_identify(lib/encoder/examples) by extensions ['cmake', 'python']
[0.786s] Level 1:colcon.colcon_core.package_identification:_identify(lib/encoder/examples) by extension 'cmake'
[0.786s] Level 1:colcon.colcon_core.package_identification:_identify(lib/encoder/examples) by extension 'python'
[0.786s] Level 1:colcon.colcon_core.package_identification:_identify(lib/encoder/examples) by extensions ['python_setup_py']
[0.786s] Level 1:colcon.colcon_core.package_identification:_identify(lib/encoder/examples) by extension 'python_setup_py'
[0.786s] Level 1:colcon.colcon_core.package_identification:_identify(lib/encoder/examples/Basic) by extensions ['ignore', 'ignore_ament_install']
[0.787s] Level 1:colcon.colcon_core.package_identification:_identify(lib/encoder/examples/Basic) by extension 'ignore'
[0.787s] Level 1:colcon.colcon_core.package_identification:_identify(lib/encoder/examples/Basic) by extension 'ignore_ament_install'
[0.787s] Level 1:colcon.colcon_core.package_identification:_identify(lib/encoder/examples/Basic) by extensions ['colcon_pkg']
[0.787s] Level 1:colcon.colcon_core.package_identification:_identify(lib/encoder/examples/Basic) by extension 'colcon_pkg'
[0.788s] Level 1:colcon.colcon_core.package_identification:_identify(lib/encoder/examples/Basic) by extensions ['colcon_meta']
[0.788s] Level 1:colcon.colcon_core.package_identification:_identify(lib/encoder/examples/Basic) by extension 'colcon_meta'
[0.788s] Level 1:colcon.colcon_core.package_identification:_identify(lib/encoder/examples/Basic) by extensions ['ros']
[0.788s] Level 1:colcon.colcon_core.package_identification:_identify(lib/encoder/examples/Basic) by extension 'ros'
[0.788s] Level 1:colcon.colcon_core.package_identification:_identify(lib/encoder/examples/Basic) by extensions ['cmake', 'python']
[0.788s] Level 1:colcon.colcon_core.package_identification:_identify(lib/encoder/examples/Basic) by extension 'cmake'
[0.789s] Level 1:colcon.colcon_core.package_identification:_identify(lib/encoder/examples/Basic) by extension 'python'
[0.789s] Level 1:colcon.colcon_core.package_identification:_identify(lib/encoder/examples/Basic) by extensions ['python_setup_py']
[0.789s] Level 1:colcon.colcon_core.package_identification:_identify(lib/encoder/examples/Basic) by extension 'python_setup_py'
[0.789s] Level 1:colcon.colcon_core.package_identification:_identify(lib/encoder/examples/NoInterrupts) by extensions ['ignore', 'ignore_ament_install']
[0.790s] Level 1:colcon.colcon_core.package_identification:_identify(lib/encoder/examples/NoInterrupts) by extension 'ignore'
[0.790s] Level 1:colcon.colcon_core.package_identification:_identify(lib/encoder/examples/NoInterrupts) by extension 'ignore_ament_install'
[0.790s] Level 1:colcon.colcon_core.package_identification:_identify(lib/encoder/examples/NoInterrupts) by extensions ['colcon_pkg']
[0.790s] Level 1:colcon.colcon_core.package_identification:_identify(lib/encoder/examples/NoInterrupts) by extension 'colcon_pkg'
[0.791s] Level 1:colcon.colcon_core.package_identification:_identify(lib/encoder/examples/NoInterrupts) by extensions ['colcon_meta']
[0.791s] Level 1:colcon.colcon_core.package_identification:_identify(lib/encoder/examples/NoInterrupts) by extension 'colcon_meta'
[0.791s] Level 1:colcon.colcon_core.package_identification:_identify(lib/encoder/examples/NoInterrupts) by extensions ['ros']
[0.791s] Level 1:colcon.colcon_core.package_identification:_identify(lib/encoder/examples/NoInterrupts) by extension 'ros'
[0.791s] Level 1:colcon.colcon_core.package_identification:_identify(lib/encoder/examples/NoInterrupts) by extensions ['cmake', 'python']
[0.791s] Level 1:colcon.colcon_core.package_identification:_identify(lib/encoder/examples/NoInterrupts) by extension 'cmake'
[0.792s] Level 1:colcon.colcon_core.package_identification:_identify(lib/encoder/examples/NoInterrupts) by extension 'python'
[0.792s] Level 1:colcon.colcon_core.package_identification:_identify(lib/encoder/examples/NoInterrupts) by extensions ['python_setup_py']
[0.792s] Level 1:colcon.colcon_core.package_identification:_identify(lib/encoder/examples/NoInterrupts) by extension 'python_setup_py'
[0.792s] Level 1:colcon.colcon_core.package_identification:_identify(lib/encoder/examples/SpeedTest) by extensions ['ignore', 'ignore_ament_install']
[0.793s] Level 1:colcon.colcon_core.package_identification:_identify(lib/encoder/examples/SpeedTest) by extension 'ignore'
[0.793s] Level 1:colcon.colcon_core.package_identification:_identify(lib/encoder/examples/SpeedTest) by extension 'ignore_ament_install'
[0.793s] Level 1:colcon.colcon_core.package_identification:_identify(lib/encoder/examples/SpeedTest) by extensions ['colcon_pkg']
[0.793s] Level 1:colcon.colcon_core.package_identification:_identify(lib/encoder/examples/SpeedTest) by extension 'colcon_pkg'
[0.793s] Level 1:colcon.colcon_core.package_identification:_identify(lib/encoder/examples/SpeedTest) by extensions ['colcon_meta']
[0.793s] Level 1:colcon.colcon_core.package_identification:_identify(lib/encoder/examples/SpeedTest) by extension 'colcon_meta'
[0.794s] Level 1:colcon.colcon_core.package_identification:_identify(lib/encoder/examples/SpeedTest) by extensions ['ros']
[0.794s] Level 1:colcon.colcon_core.package_identification:_identify(lib/encoder/examples/SpeedTest) by extension 'ros'
[0.794s] Level 1:colcon.colcon_core.package_identification:_identify(lib/encoder/examples/SpeedTest) by extensions ['cmake', 'python']
[0.794s] Level 1:colcon.colcon_core.package_identification:_identify(lib/encoder/examples/SpeedTest) by extension 'cmake'
[0.794s] Level 1:colcon.colcon_core.package_identification:_identify(lib/encoder/examples/SpeedTest) by extension 'python'
[0.795s] Level 1:colcon.colcon_core.package_identification:_identify(lib/encoder/examples/SpeedTest) by extensions ['python_setup_py']
[0.795s] Level 1:colcon.colcon_core.package_identification:_identify(lib/encoder/examples/SpeedTest) by extension 'python_setup_py'
[0.795s] Level 1:colcon.colcon_core.package_identification:_identify(lib/encoder/examples/TwoKnobs) by extensions ['ignore', 'ignore_ament_install']
[0.795s] Level 1:colcon.colcon_core.package_identification:_identify(lib/encoder/examples/TwoKnobs) by extension 'ignore'
[0.796s] Level 1:colcon.colcon_core.package_identification:_identify(lib/encoder/examples/TwoKnobs) by extension 'ignore_ament_install'
[0.796s] Level 1:colcon.colcon_core.package_identification:_identify(lib/encoder/examples/TwoKnobs) by extensions ['colcon_pkg']
[0.796s] Level 1:colcon.colcon_core.package_identification:_identify(lib/encoder/examples/TwoKnobs) by extension 'colcon_pkg'
[0.796s] Level 1:colcon.colcon_core.package_identification:_identify(lib/encoder/examples/TwoKnobs) by extensions ['colcon_meta']
[0.796s] Level 1:colcon.colcon_core.package_identification:_identify(lib/encoder/examples/TwoKnobs) by extension 'colcon_meta'
[0.796s] Level 1:colcon.colcon_core.package_identification:_identify(lib/encoder/examples/TwoKnobs) by extensions ['ros']
[0.797s] Level 1:colcon.colcon_core.package_identification:_identify(lib/encoder/examples/TwoKnobs) by extension 'ros'
[0.797s] Level 1:colcon.colcon_core.package_identification:_identify(lib/encoder/examples/TwoKnobs) by extensions ['cmake', 'python']
[0.797s] Level 1:colcon.colcon_core.package_identification:_identify(lib/encoder/examples/TwoKnobs) by extension 'cmake'
[0.797s] Level 1:colcon.colcon_core.package_identification:_identify(lib/encoder/examples/TwoKnobs) by extension 'python'
[0.798s] Level 1:colcon.colcon_core.package_identification:_identify(lib/encoder/examples/TwoKnobs) by extensions ['python_setup_py']
[0.798s] Level 1:colcon.colcon_core.package_identification:_identify(lib/encoder/examples/TwoKnobs) by extension 'python_setup_py'
[0.798s] Level 1:colcon.colcon_core.package_identification:_identify(lib/encoder/utility) by extensions ['ignore', 'ignore_ament_install']
[0.798s] Level 1:colcon.colcon_core.package_identification:_identify(lib/encoder/utility) by extension 'ignore'
[0.799s] Level 1:colcon.colcon_core.package_identification:_identify(lib/encoder/utility) by extension 'ignore_ament_install'
[0.799s] Level 1:colcon.colcon_core.package_identification:_identify(lib/encoder/utility) by extensions ['colcon_pkg']
[0.799s] Level 1:colcon.colcon_core.package_identification:_identify(lib/encoder/utility) by extension 'colcon_pkg'
[0.799s] Level 1:colcon.colcon_core.package_identification:_identify(lib/encoder/utility) by extensions ['colcon_meta']
[0.799s] Level 1:colcon.colcon_core.package_identification:_identify(lib/encoder/utility) by extension 'colcon_meta'
[0.799s] Level 1:colcon.colcon_core.package_identification:_identify(lib/encoder/utility) by extensions ['ros']
[0.800s] Level 1:colcon.colcon_core.package_identification:_identify(lib/encoder/utility) by extension 'ros'
[0.800s] Level 1:colcon.colcon_core.package_identification:_identify(lib/encoder/utility) by extensions ['cmake', 'python']
[0.800s] Level 1:colcon.colcon_core.package_identification:_identify(lib/encoder/utility) by extension 'cmake'
[0.800s] Level 1:colcon.colcon_core.package_identification:_identify(lib/encoder/utility) by extension 'python'
[0.800s] Level 1:colcon.colcon_core.package_identification:_identify(lib/encoder/utility) by extensions ['python_setup_py']
[0.800s] Level 1:colcon.colcon_core.package_identification:_identify(lib/encoder/utility) by extension 'python_setup_py'
[0.801s] Level 1:colcon.colcon_core.package_identification:_identify(lib/imu) by extensions ['ignore', 'ignore_ament_install']
[0.801s] Level 1:colcon.colcon_core.package_identification:_identify(lib/imu) by extension 'ignore'
[0.801s] Level 1:colcon.colcon_core.package_identification:_identify(lib/imu) by extension 'ignore_ament_install'
[0.802s] Level 1:colcon.colcon_core.package_identification:_identify(lib/imu) by extensions ['colcon_pkg']
[0.802s] Level 1:colcon.colcon_core.package_identification:_identify(lib/imu) by extension 'colcon_pkg'
[0.802s] Level 1:colcon.colcon_core.package_identification:_identify(lib/imu) by extensions ['colcon_meta']
[0.802s] Level 1:colcon.colcon_core.package_identification:_identify(lib/imu) by extension 'colcon_meta'
[0.802s] Level 1:colcon.colcon_core.package_identification:_identify(lib/imu) by extensions ['ros']
[0.802s] Level 1:colcon.colcon_core.package_identification:_identify(lib/imu) by extension 'ros'
[0.803s] Level 1:colcon.colcon_core.package_identification:_identify(lib/imu) by extensions ['cmake', 'python']
[0.803s] Level 1:colcon.colcon_core.package_identification:_identify(lib/imu) by extension 'cmake'
[0.803s] Level 1:colcon.colcon_core.package_identification:_identify(lib/imu) by extension 'python'
[0.803s] Level 1:colcon.colcon_core.package_identification:_identify(lib/imu) by extensions ['python_setup_py']
[0.803s] Level 1:colcon.colcon_core.package_identification:_identify(lib/imu) by extension 'python_setup_py'
[0.804s] Level 1:colcon.colcon_core.package_identification:_identify(lib/kinematics) by extensions ['ignore', 'ignore_ament_install']
[0.804s] Level 1:colcon.colcon_core.package_identification:_identify(lib/kinematics) by extension 'ignore'
[0.804s] Level 1:colcon.colcon_core.package_identification:_identify(lib/kinematics) by extension 'ignore_ament_install'
[0.804s] Level 1:colcon.colcon_core.package_identification:_identify(lib/kinematics) by extensions ['colcon_pkg']
[0.805s] Level 1:colcon.colcon_core.package_identification:_identify(lib/kinematics) by extension 'colcon_pkg'
[0.805s] Level 1:colcon.colcon_core.package_identification:_identify(lib/kinematics) by extensions ['colcon_meta']
[0.805s] Level 1:colcon.colcon_core.package_identification:_identify(lib/kinematics) by extension 'colcon_meta'
[0.805s] Level 1:colcon.colcon_core.package_identification:_identify(lib/kinematics) by extensions ['ros']
[0.805s] Level 1:colcon.colcon_core.package_identification:_identify(lib/kinematics) by extension 'ros'
[0.805s] Level 1:colcon.colcon_core.package_identification:_identify(lib/kinematics) by extensions ['cmake', 'python']
[0.806s] Level 1:colcon.colcon_core.package_identification:_identify(lib/kinematics) by extension 'cmake'
[0.806s] Level 1:colcon.colcon_core.package_identification:_identify(lib/kinematics) by extension 'python'
[0.806s] Level 1:colcon.colcon_core.package_identification:_identify(lib/kinematics) by extensions ['python_setup_py']
[0.806s] Level 1:colcon.colcon_core.package_identification:_identify(lib/kinematics) by extension 'python_setup_py'
[0.806s] Level 1:colcon.colcon_core.package_identification:_identify(lib/led) by extensions ['ignore', 'ignore_ament_install']
[0.807s] Level 1:colcon.colcon_core.package_identification:_identify(lib/led) by extension 'ignore'
[0.807s] Level 1:colcon.colcon_core.package_identification:_identify(lib/led) by extension 'ignore_ament_install'
[0.807s] Level 1:colcon.colcon_core.package_identification:_identify(lib/led) by extensions ['colcon_pkg']
[0.807s] Level 1:colcon.colcon_core.package_identification:_identify(lib/led) by extension 'colcon_pkg'
[0.807s] Level 1:colcon.colcon_core.package_identification:_identify(lib/led) by extensions ['colcon_meta']
[0.807s] Level 1:colcon.colcon_core.package_identification:_identify(lib/led) by extension 'colcon_meta'
[0.808s] Level 1:colcon.colcon_core.package_identification:_identify(lib/led) by extensions ['ros']
[0.808s] Level 1:colcon.colcon_core.package_identification:_identify(lib/led) by extension 'ros'
[0.808s] Level 1:colcon.colcon_core.package_identification:_identify(lib/led) by extensions ['cmake', 'python']
[0.808s] Level 1:colcon.colcon_core.package_identification:_identify(lib/led) by extension 'cmake'
[0.808s] Level 1:colcon.colcon_core.package_identification:_identify(lib/led) by extension 'python'
[0.809s] Level 1:colcon.colcon_core.package_identification:_identify(lib/led) by extensions ['python_setup_py']
[0.809s] Level 1:colcon.colcon_core.package_identification:_identify(lib/led) by extension 'python_setup_py'
[0.809s] Level 1:colcon.colcon_core.package_identification:_identify(lib/lidar) by extensions ['ignore', 'ignore_ament_install']
[0.809s] Level 1:colcon.colcon_core.package_identification:_identify(lib/lidar) by extension 'ignore'
[0.809s] Level 1:colcon.colcon_core.package_identification:_identify(lib/lidar) by extension 'ignore_ament_install'
[0.810s] Level 1:colcon.colcon_core.package_identification:_identify(lib/lidar) by extensions ['colcon_pkg']
[0.810s] Level 1:colcon.colcon_core.package_identification:_identify(lib/lidar) by extension 'colcon_pkg'
[0.810s] Level 1:colcon.colcon_core.package_identification:_identify(lib/lidar) by extensions ['colcon_meta']
[0.810s] Level 1:colcon.colcon_core.package_identification:_identify(lib/lidar) by extension 'colcon_meta'
[0.810s] Level 1:colcon.colcon_core.package_identification:_identify(lib/lidar) by extensions ['ros']
[0.810s] Level 1:colcon.colcon_core.package_identification:_identify(lib/lidar) by extension 'ros'
[0.811s] Level 1:colcon.colcon_core.package_identification:_identify(lib/lidar) by extensions ['cmake', 'python']
[0.811s] Level 1:colcon.colcon_core.package_identification:_identify(lib/lidar) by extension 'cmake'
[0.811s] Level 1:colcon.colcon_core.package_identification:_identify(lib/lidar) by extension 'python'
[0.811s] Level 1:colcon.colcon_core.package_identification:_identify(lib/lidar) by extensions ['python_setup_py']
[0.811s] Level 1:colcon.colcon_core.package_identification:_identify(lib/lidar) by extension 'python_setup_py'
[0.812s] Level 1:colcon.colcon_core.package_identification:_identify(lib/motor) by extensions ['ignore', 'ignore_ament_install']
[0.812s] Level 1:colcon.colcon_core.package_identification:_identify(lib/motor) by extension 'ignore'
[0.812s] Level 1:colcon.colcon_core.package_identification:_identify(lib/motor) by extension 'ignore_ament_install'
[0.812s] Level 1:colcon.colcon_core.package_identification:_identify(lib/motor) by extensions ['colcon_pkg']
[0.812s] Level 1:colcon.colcon_core.package_identification:_identify(lib/motor) by extension 'colcon_pkg'
[0.813s] Level 1:colcon.colcon_core.package_identification:_identify(lib/motor) by extensions ['colcon_meta']
[0.813s] Level 1:colcon.colcon_core.package_identification:_identify(lib/motor) by extension 'colcon_meta'
[0.813s] Level 1:colcon.colcon_core.package_identification:_identify(lib/motor) by extensions ['ros']
[0.813s] Level 1:colcon.colcon_core.package_identification:_identify(lib/motor) by extension 'ros'
[0.813s] Level 1:colcon.colcon_core.package_identification:_identify(lib/motor) by extensions ['cmake', 'python']
[0.813s] Level 1:colcon.colcon_core.package_identification:_identify(lib/motor) by extension 'cmake'
[0.814s] Level 1:colcon.colcon_core.package_identification:_identify(lib/motor) by extension 'python'
[0.814s] Level 1:colcon.colcon_core.package_identification:_identify(lib/motor) by extensions ['python_setup_py']
[0.814s] Level 1:colcon.colcon_core.package_identification:_identify(lib/motor) by extension 'python_setup_py'
[0.814s] Level 1:colcon.colcon_core.package_identification:_identify(lib/odometry) by extensions ['ignore', 'ignore_ament_install']
[0.814s] Level 1:colcon.colcon_core.package_identification:_identify(lib/odometry) by extension 'ignore'
[0.815s] Level 1:colcon.colcon_core.package_identification:_identify(lib/odometry) by extension 'ignore_ament_install'
[0.815s] Level 1:colcon.colcon_core.package_identification:_identify(lib/odometry) by extensions ['colcon_pkg']
[0.815s] Level 1:colcon.colcon_core.package_identification:_identify(lib/odometry) by extension 'colcon_pkg'
[0.815s] Level 1:colcon.colcon_core.package_identification:_identify(lib/odometry) by extensions ['colcon_meta']
[0.815s] Level 1:colcon.colcon_core.package_identification:_identify(lib/odometry) by extension 'colcon_meta'
[0.815s] Level 1:colcon.colcon_core.package_identification:_identify(lib/odometry) by extensions ['ros']
[0.816s] Level 1:colcon.colcon_core.package_identification:_identify(lib/odometry) by extension 'ros'
[0.816s] Level 1:colcon.colcon_core.package_identification:_identify(lib/odometry) by extensions ['cmake', 'python']
[0.816s] Level 1:colcon.colcon_core.package_identification:_identify(lib/odometry) by extension 'cmake'
[0.816s] Level 1:colcon.colcon_core.package_identification:_identify(lib/odometry) by extension 'python'
[0.816s] Level 1:colcon.colcon_core.package_identification:_identify(lib/odometry) by extensions ['python_setup_py']
[0.817s] Level 1:colcon.colcon_core.package_identification:_identify(lib/odometry) by extension 'python_setup_py'
[0.817s] Level 1:colcon.colcon_core.package_identification:_identify(lib/pid) by extensions ['ignore', 'ignore_ament_install']
[0.817s] Level 1:colcon.colcon_core.package_identification:_identify(lib/pid) by extension 'ignore'
[0.817s] Level 1:colcon.colcon_core.package_identification:_identify(lib/pid) by extension 'ignore_ament_install'
[0.818s] Level 1:colcon.colcon_core.package_identification:_identify(lib/pid) by extensions ['colcon_pkg']
[0.818s] Level 1:colcon.colcon_core.package_identification:_identify(lib/pid) by extension 'colcon_pkg'
[0.818s] Level 1:colcon.colcon_core.package_identification:_identify(lib/pid) by extensions ['colcon_meta']
[0.818s] Level 1:colcon.colcon_core.package_identification:_identify(lib/pid) by extension 'colcon_meta'
[0.818s] Level 1:colcon.colcon_core.package_identification:_identify(lib/pid) by extensions ['ros']
[0.818s] Level 1:colcon.colcon_core.package_identification:_identify(lib/pid) by extension 'ros'
[0.819s] Level 1:colcon.colcon_core.package_identification:_identify(lib/pid) by extensions ['cmake', 'python']
[0.819s] Level 1:colcon.colcon_core.package_identification:_identify(lib/pid) by extension 'cmake'
[0.819s] Level 1:colcon.colcon_core.package_identification:_identify(lib/pid) by extension 'python'
[0.819s] Level 1:colcon.colcon_core.package_identification:_identify(lib/pid) by extensions ['python_setup_py']
[0.819s] Level 1:colcon.colcon_core.package_identification:_identify(lib/pid) by extension 'python_setup_py'
[0.820s] Level 1:colcon.colcon_core.package_identification:_identify(lib/pwm) by extensions ['ignore', 'ignore_ament_install']
[0.820s] Level 1:colcon.colcon_core.package_identification:_identify(lib/pwm) by extension 'ignore'
[0.820s] Level 1:colcon.colcon_core.package_identification:_identify(lib/pwm) by extension 'ignore_ament_install'
[0.820s] Level 1:colcon.colcon_core.package_identification:_identify(lib/pwm) by extensions ['colcon_pkg']
[0.821s] Level 1:colcon.colcon_core.package_identification:_identify(lib/pwm) by extension 'colcon_pkg'
[0.821s] Level 1:colcon.colcon_core.package_identification:_identify(lib/pwm) by extensions ['colcon_meta']
[0.821s] Level 1:colcon.colcon_core.package_identification:_identify(lib/pwm) by extension 'colcon_meta'
[0.821s] Level 1:colcon.colcon_core.package_identification:_identify(lib/pwm) by extensions ['ros']
[0.821s] Level 1:colcon.colcon_core.package_identification:_identify(lib/pwm) by extension 'ros'
[0.822s] Level 1:colcon.colcon_core.package_identification:_identify(lib/pwm) by extensions ['cmake', 'python']
[0.822s] Level 1:colcon.colcon_core.package_identification:_identify(lib/pwm) by extension 'cmake'
[0.822s] Level 1:colcon.colcon_core.package_identification:_identify(lib/pwm) by extension 'python'
[0.822s] Level 1:colcon.colcon_core.package_identification:_identify(lib/pwm) by extensions ['python_setup_py']
[0.822s] Level 1:colcon.colcon_core.package_identification:_identify(lib/pwm) by extension 'python_setup_py'
[0.822s] Level 1:colcon.colcon_core.package_identification:_identify(lib/range) by extensions ['ignore', 'ignore_ament_install']
[0.823s] Level 1:colcon.colcon_core.package_identification:_identify(lib/range) by extension 'ignore'
[0.823s] Level 1:colcon.colcon_core.package_identification:_identify(lib/range) by extension 'ignore_ament_install'
[0.823s] Level 1:colcon.colcon_core.package_identification:_identify(lib/range) by extensions ['colcon_pkg']
[0.823s] Level 1:colcon.colcon_core.package_identification:_identify(lib/range) by extension 'colcon_pkg'
[0.824s] Level 1:colcon.colcon_core.package_identification:_identify(lib/range) by extensions ['colcon_meta']
[0.824s] Level 1:colcon.colcon_core.package_identification:_identify(lib/range) by extension 'colcon_meta'
[0.824s] Level 1:colcon.colcon_core.package_identification:_identify(lib/range) by extensions ['ros']
[0.824s] Level 1:colcon.colcon_core.package_identification:_identify(lib/range) by extension 'ros'
[0.824s] Level 1:colcon.colcon_core.package_identification:_identify(lib/range) by extensions ['cmake', 'python']
[0.824s] Level 1:colcon.colcon_core.package_identification:_identify(lib/range) by extension 'cmake'
[0.825s] Level 1:colcon.colcon_core.package_identification:_identify(lib/range) by extension 'python'
[0.825s] Level 1:colcon.colcon_core.package_identification:_identify(lib/range) by extensions ['python_setup_py']
[0.825s] Level 1:colcon.colcon_core.package_identification:_identify(lib/range) by extension 'python_setup_py'
[0.825s] Level 1:colcon.colcon_core.package_identification:_identify(lib/syslog) by extensions ['ignore', 'ignore_ament_install']
[0.825s] Level 1:colcon.colcon_core.package_identification:_identify(lib/syslog) by extension 'ignore'
[0.826s] Level 1:colcon.colcon_core.package_identification:_identify(lib/syslog) by extension 'ignore_ament_install'
[0.826s] Level 1:colcon.colcon_core.package_identification:_identify(lib/syslog) by extensions ['colcon_pkg']
[0.826s] Level 1:colcon.colcon_core.package_identification:_identify(lib/syslog) by extension 'colcon_pkg'
[0.826s] Level 1:colcon.colcon_core.package_identification:_identify(lib/syslog) by extensions ['colcon_meta']
[0.826s] Level 1:colcon.colcon_core.package_identification:_identify(lib/syslog) by extension 'colcon_meta'
[0.826s] Level 1:colcon.colcon_core.package_identification:_identify(lib/syslog) by extensions ['ros']
[0.827s] Level 1:colcon.colcon_core.package_identification:_identify(lib/syslog) by extension 'ros'
[0.827s] Level 1:colcon.colcon_core.package_identification:_identify(lib/syslog) by extensions ['cmake', 'python']
[0.827s] Level 1:colcon.colcon_core.package_identification:_identify(lib/syslog) by extension 'cmake'
[0.827s] Level 1:colcon.colcon_core.package_identification:_identify(lib/syslog) by extension 'python'
[0.827s] Level 1:colcon.colcon_core.package_identification:_identify(lib/syslog) by extensions ['python_setup_py']
[0.827s] Level 1:colcon.colcon_core.package_identification:_identify(lib/syslog) by extension 'python_setup_py'
[0.828s] Level 1:colcon.colcon_core.package_identification:_identify(lib/wifi) by extensions ['ignore', 'ignore_ament_install']
[0.828s] Level 1:colcon.colcon_core.package_identification:_identify(lib/wifi) by extension 'ignore'
[0.828s] Level 1:colcon.colcon_core.package_identification:_identify(lib/wifi) by extension 'ignore_ament_install'
[0.829s] Level 1:colcon.colcon_core.package_identification:_identify(lib/wifi) by extensions ['colcon_pkg']
[0.829s] Level 1:colcon.colcon_core.package_identification:_identify(lib/wifi) by extension 'colcon_pkg'
[0.829s] Level 1:colcon.colcon_core.package_identification:_identify(lib/wifi) by extensions ['colcon_meta']
[0.829s] Level 1:colcon.colcon_core.package_identification:_identify(lib/wifi) by extension 'colcon_meta'
[0.829s] Level 1:colcon.colcon_core.package_identification:_identify(lib/wifi) by extensions ['ros']
[0.829s] Level 1:colcon.colcon_core.package_identification:_identify(lib/wifi) by extension 'ros'
[0.830s] Level 1:colcon.colcon_core.package_identification:_identify(lib/wifi) by extensions ['cmake', 'python']
[0.830s] Level 1:colcon.colcon_core.package_identification:_identify(lib/wifi) by extension 'cmake'
[0.830s] Level 1:colcon.colcon_core.package_identification:_identify(lib/wifi) by extension 'python'
[0.830s] Level 1:colcon.colcon_core.package_identification:_identify(lib/wifi) by extensions ['python_setup_py']
[0.830s] Level 1:colcon.colcon_core.package_identification:_identify(lib/wifi) by extension 'python_setup_py'
[0.831s] Level 1:colcon.colcon_core.package_identification:_identify(log) by extensions ['ignore', 'ignore_ament_install']
[0.831s] Level 1:colcon.colcon_core.package_identification:_identify(log) by extension 'ignore'
[0.831s] Level 1:colcon.colcon_core.package_identification:_identify(log) ignored
[0.831s] Level 1:colcon.colcon_core.package_identification:_identify(src) by extensions ['ignore', 'ignore_ament_install']
[0.832s] Level 1:colcon.colcon_core.package_identification:_identify(src) by extension 'ignore'
[0.832s] Level 1:colcon.colcon_core.package_identification:_identify(src) by extension 'ignore_ament_install'
[0.832s] Level 1:colcon.colcon_core.package_identification:_identify(src) by extensions ['colcon_pkg']
[0.832s] Level 1:colcon.colcon_core.package_identification:_identify(src) by extension 'colcon_pkg'
[0.832s] Level 1:colcon.colcon_core.package_identification:_identify(src) by extensions ['colcon_meta']
[0.832s] Level 1:colcon.colcon_core.package_identification:_identify(src) by extension 'colcon_meta'
[0.833s] Level 1:colcon.colcon_core.package_identification:_identify(src) by extensions ['ros']
[0.833s] Level 1:colcon.colcon_core.package_identification:_identify(src) by extension 'ros'
[0.833s] Level 1:colcon.colcon_core.package_identification:_identify(src) by extensions ['cmake', 'python']
[0.833s] Level 1:colcon.colcon_core.package_identification:_identify(src) by extension 'cmake'
[0.833s] Level 1:colcon.colcon_core.package_identification:_identify(src) by extension 'python'
[0.833s] Level 1:colcon.colcon_core.package_identification:_identify(src) by extensions ['python_setup_py']
[0.834s] Level 1:colcon.colcon_core.package_identification:_identify(src) by extension 'python_setup_py'
[0.834s] Level 1:colcon.colcon_core.package_discovery:discover_packages(recursive) using defaults
[0.834s] Level 1:colcon.colcon_core.package_discovery:discover_packages(ignore) discover
[0.834s] Level 1:colcon.colcon_core.package_discovery:discover_packages(ignore) using defaults
[0.834s] Level 1:colcon.colcon_core.package_discovery:discover_packages(path) discover
[0.834s] Level 1:colcon.colcon_core.package_discovery:discover_packages(path) using defaults
[0.904s] Level 1:colcon.colcon_core.package_discovery:discover_packages(prefix_path) check parameters
[0.904s] Level 1:colcon.colcon_core.package_discovery:discover_packages(prefix_path) discover
[0.916s] DEBUG:colcon.colcon_installed_package_information.package_discovery:Found 10 installed packages in /home/pitosalas/linorobot2_ws/install
[0.918s] DEBUG:colcon.colcon_installed_package_information.package_discovery:Found 2 installed packages in /home/pitosalas/uros_ws/install
[0.931s] DEBUG:colcon.colcon_installed_package_information.package_discovery:Found 396 installed packages in /opt/ros/jazzy
[0.940s] Level 1:colcon.colcon_core.package_discovery:discover_packages(prefix_path) using defaults
[1.185s] Level 5:colcon.colcon_core.verb:set package 'my_custom_message' build argument 'cmake_args' from command line to 'None'
[1.185s] Level 5:colcon.colcon_core.verb:set package 'my_custom_message' build argument 'cmake_target' from command line to 'None'
[1.185s] Level 5:colcon.colcon_core.verb:set package 'my_custom_message' build argument 'cmake_target_skip_unavailable' from command line to 'False'
[1.185s] Level 5:colcon.colcon_core.verb:set package 'my_custom_message' build argument 'cmake_clean_cache' from command line to 'False'
[1.186s] Level 5:colcon.colcon_core.verb:set package 'my_custom_message' build argument 'cmake_clean_first' from command line to 'False'
[1.186s] Level 5:colcon.colcon_core.verb:set package 'my_custom_message' build argument 'cmake_force_configure' from command line to 'False'
[1.186s] Level 5:colcon.colcon_core.verb:set package 'my_custom_message' build argument 'ament_cmake_args' from command line to 'None'
[1.186s] Level 5:colcon.colcon_core.verb:set package 'my_custom_message' build argument 'catkin_cmake_args' from command line to 'None'
[1.186s] Level 5:colcon.colcon_core.verb:set package 'my_custom_message' build argument 'catkin_skip_building_tests' from command line to 'False'
[1.186s] DEBUG:colcon.colcon_core.verb:Building package 'my_custom_message' with the following arguments: {'ament_cmake_args': None, 'build_base': '/home/pitosalas/linorobot2_hardware/firmware/build/my_custom_message', 'catkin_cmake_args': None, 'catkin_skip_building_tests': False, 'cmake_args': None, 'cmake_clean_cache': False, 'cmake_clean_first': False, 'cmake_force_configure': False, 'cmake_target': None, 'cmake_target_skip_unavailable': False, 'install_base': '/home/pitosalas/linorobot2_hardware/firmware/install/my_custom_message', 'merge_install': False, 'path': '/home/pitosalas/linorobot2_hardware/firmware/extra_packages/my_custom_message', 'symlink_install': True, 'test_result_base': None}
[1.187s] INFO:colcon.colcon_core.executor:Executing jobs using 'parallel' executor
[1.189s] DEBUG:colcon.colcon_parallel_executor.executor.parallel:run_until_complete
[1.190s] INFO:colcon.colcon_ros.task.ament_cmake.build:Building ROS package in '/home/pitosalas/linorobot2_hardware/firmware/extra_packages/my_custom_message' with build type 'ament_cmake'
[1.191s] INFO:colcon.colcon_cmake.task.cmake.build:Building CMake package in '/home/pitosalas/linorobot2_hardware/firmware/extra_packages/my_custom_message'
[1.199s] INFO:colcon.colcon_core.plugin_system:Skipping extension 'colcon_core.shell.bat': Not used on non-Windows systems
[1.200s] INFO:colcon.colcon_core.shell:Skip shell extension 'powershell' for command environment: Not usable outside of PowerShell
[1.200s] DEBUG:colcon.colcon_core.shell:Skip shell extension 'dsv' for command environment
[1.253s] DEBUG:colcon.colcon_core.event_handler.log_command:Invoking command in '/home/pitosalas/linorobot2_hardware/firmware/build/my_custom_message': CMAKE_PREFIX_PATH=${CMAKE_PREFIX_PATH}:/home/pitosalas/linorobot2_ws/install/dome:/opt/ros/jazzy PS1=[\h:\w] /usr/bin/cmake /home/pitosalas/linorobot2_hardware/firmware/extra_packages/my_custom_message -DAMENT_CMAKE_SYMLINK_INSTALL=1 -DCMAKE_INSTALL_PREFIX=/home/pitosalas/linorobot2_hardware/firmware/install/my_custom_message
[20.543s] DEBUG:colcon.colcon_core.event_handler.log_command:Invoked command in '/home/pitosalas/linorobot2_hardware/firmware/build/my_custom_message' returned '0': CMAKE_PREFIX_PATH=${CMAKE_PREFIX_PATH}:/home/pitosalas/linorobot2_ws/install/dome:/opt/ros/jazzy PS1=[\h:\w] /usr/bin/cmake /home/pitosalas/linorobot2_hardware/firmware/extra_packages/my_custom_message -DAMENT_CMAKE_SYMLINK_INSTALL=1 -DCMAKE_INSTALL_PREFIX=/home/pitosalas/linorobot2_hardware/firmware/install/my_custom_message
[20.550s] DEBUG:colcon.colcon_core.event_handler.log_command:Invoking command in '/home/pitosalas/linorobot2_hardware/firmware/build/my_custom_message': CMAKE_PREFIX_PATH=${CMAKE_PREFIX_PATH}:/home/pitosalas/linorobot2_ws/install/dome:/opt/ros/jazzy PS1=[\h:\w] /usr/bin/cmake --build /home/pitosalas/linorobot2_hardware/firmware/build/my_custom_message -- -j4 -l4
[34.414s] DEBUG:colcon.colcon_core.event_handler.log_command:Invoked command in '/home/pitosalas/linorobot2_hardware/firmware/build/my_custom_message' returned '0': CMAKE_PREFIX_PATH=${CMAKE_PREFIX_PATH}:/home/pitosalas/linorobot2_ws/install/dome:/opt/ros/jazzy PS1=[\h:\w] /usr/bin/cmake --build /home/pitosalas/linorobot2_hardware/firmware/build/my_custom_message -- -j4 -l4
[34.484s] DEBUG:colcon.colcon_core.event_handler.log_command:Invoking command in '/home/pitosalas/linorobot2_hardware/firmware/build/my_custom_message': CMAKE_PREFIX_PATH=${CMAKE_PREFIX_PATH}:/home/pitosalas/linorobot2_ws/install/dome:/opt/ros/jazzy PS1=[\h:\w] /usr/bin/cmake --install /home/pitosalas/linorobot2_hardware/firmware/build/my_custom_message
[38.429s] Level 1:colcon.colcon_core.environment:create_environment_scripts_only(my_custom_message)
[38.431s] DEBUG:colcon.colcon_core.event_handler.log_command:Invoked command in '/home/pitosalas/linorobot2_hardware/firmware/build/my_custom_message' returned '0': CMAKE_PREFIX_PATH=${CMAKE_PREFIX_PATH}:/home/pitosalas/linorobot2_ws/install/dome:/opt/ros/jazzy PS1=[\h:\w] /usr/bin/cmake --install /home/pitosalas/linorobot2_hardware/firmware/build/my_custom_message
[38.441s] Level 1:colcon.colcon_core.environment:checking '/home/pitosalas/linorobot2_hardware/firmware/install/my_custom_message' for CMake module files
[38.447s] Level 1:colcon.colcon_core.environment:checking '/home/pitosalas/linorobot2_hardware/firmware/install/my_custom_message' for CMake config files
[38.453s] Level 1:colcon.colcon_core.shell:create_environment_hook('my_custom_message', 'cmake_prefix_path')
[38.453s] INFO:colcon.colcon_core.shell:Creating environment hook '/home/pitosalas/linorobot2_hardware/firmware/install/my_custom_message/share/my_custom_message/hook/cmake_prefix_path.ps1'
[38.456s] INFO:colcon.colcon_core.shell:Creating environment descriptor '/home/pitosalas/linorobot2_hardware/firmware/install/my_custom_message/share/my_custom_message/hook/cmake_prefix_path.dsv'
[38.457s] INFO:colcon.colcon_core.shell:Creating environment hook '/home/pitosalas/linorobot2_hardware/firmware/install/my_custom_message/share/my_custom_message/hook/cmake_prefix_path.sh'
[38.460s] Level 1:colcon.colcon_core.environment:checking '/home/pitosalas/linorobot2_hardware/firmware/install/my_custom_message/lib'
[38.461s] Level 1:colcon.colcon_core.shell:create_environment_hook('my_custom_message', 'ld_library_path_lib')
[38.462s] INFO:colcon.colcon_core.shell:Creating environment hook '/home/pitosalas/linorobot2_hardware/firmware/install/my_custom_message/share/my_custom_message/hook/ld_library_path_lib.ps1'
[38.463s] INFO:colcon.colcon_core.shell:Creating environment descriptor '/home/pitosalas/linorobot2_hardware/firmware/install/my_custom_message/share/my_custom_message/hook/ld_library_path_lib.dsv'
[38.464s] INFO:colcon.colcon_core.shell:Creating environment hook '/home/pitosalas/linorobot2_hardware/firmware/install/my_custom_message/share/my_custom_message/hook/ld_library_path_lib.sh'
[38.466s] Level 1:colcon.colcon_core.environment:checking '/home/pitosalas/linorobot2_hardware/firmware/install/my_custom_message/bin'
[38.466s] Level 1:colcon.colcon_core.environment:checking '/home/pitosalas/linorobot2_hardware/firmware/install/my_custom_message/lib/pkgconfig/my_custom_message.pc'
[38.467s] Level 1:colcon.colcon_core.environment:checking '/home/pitosalas/linorobot2_hardware/firmware/install/my_custom_message/lib/python3.12/site-packages'
[38.468s] Level 1:colcon.colcon_core.shell:create_environment_hook('my_custom_message', 'pythonpath')
[38.469s] INFO:colcon.colcon_core.shell:Creating environment hook '/home/pitosalas/linorobot2_hardware/firmware/install/my_custom_message/share/my_custom_message/hook/pythonpath.ps1'
[38.471s] INFO:colcon.colcon_core.shell:Creating environment descriptor '/home/pitosalas/linorobot2_hardware/firmware/install/my_custom_message/share/my_custom_message/hook/pythonpath.dsv'
[38.472s] INFO:colcon.colcon_core.shell:Creating environment hook '/home/pitosalas/linorobot2_hardware/firmware/install/my_custom_message/share/my_custom_message/hook/pythonpath.sh'
[38.474s] Level 1:colcon.colcon_core.environment:checking '/home/pitosalas/linorobot2_hardware/firmware/install/my_custom_message/bin'
[38.475s] INFO:colcon.colcon_core.shell:Creating package script '/home/pitosalas/linorobot2_hardware/firmware/install/my_custom_message/share/my_custom_message/package.ps1'
[38.478s] INFO:colcon.colcon_core.shell:Creating package descriptor '/home/pitosalas/linorobot2_hardware/firmware/install/my_custom_message/share/my_custom_message/package.dsv'
[38.481s] INFO:colcon.colcon_core.shell:Creating package script '/home/pitosalas/linorobot2_hardware/firmware/install/my_custom_message/share/my_custom_message/package.sh'
[38.483s] INFO:colcon.colcon_core.shell:Creating package script '/home/pitosalas/linorobot2_hardware/firmware/install/my_custom_message/share/my_custom_message/package.bash'
[38.486s] INFO:colcon.colcon_core.shell:Creating package script '/home/pitosalas/linorobot2_hardware/firmware/install/my_custom_message/share/my_custom_message/package.zsh'
[38.488s] Level 1:colcon.colcon_core.environment:create_file_with_runtime_dependencies(/home/pitosalas/linorobot2_hardware/firmware/install/my_custom_message/share/colcon-core/packages/my_custom_message)
[38.490s] Level 1:colcon.colcon_core.environment:create_environment_scripts_only(my_custom_message)
[38.491s] Level 1:colcon.colcon_core.environment:checking '/home/pitosalas/linorobot2_hardware/firmware/install/my_custom_message' for CMake module files
[38.495s] Level 1:colcon.colcon_core.environment:checking '/home/pitosalas/linorobot2_hardware/firmware/install/my_custom_message' for CMake config files
[38.501s] Level 1:colcon.colcon_core.shell:create_environment_hook('my_custom_message', 'cmake_prefix_path')
[38.501s] INFO:colcon.colcon_core.shell:Creating environment hook '/home/pitosalas/linorobot2_hardware/firmware/install/my_custom_message/share/my_custom_message/hook/cmake_prefix_path.ps1'
[38.503s] INFO:colcon.colcon_core.shell:Creating environment descriptor '/home/pitosalas/linorobot2_hardware/firmware/install/my_custom_message/share/my_custom_message/hook/cmake_prefix_path.dsv'
[38.505s] INFO:colcon.colcon_core.shell:Creating environment hook '/home/pitosalas/linorobot2_hardware/firmware/install/my_custom_message/share/my_custom_message/hook/cmake_prefix_path.sh'
[38.507s] Level 1:colcon.colcon_core.environment:checking '/home/pitosalas/linorobot2_hardware/firmware/install/my_custom_message/lib'
[38.507s] Level 1:colcon.colcon_core.shell:create_environment_hook('my_custom_message', 'ld_library_path_lib')
[38.508s] INFO:colcon.colcon_core.shell:Creating environment hook '/home/pitosalas/linorobot2_hardware/firmware/install/my_custom_message/share/my_custom_message/hook/ld_library_path_lib.ps1'
[38.510s] INFO:colcon.colcon_core.shell:Creating environment descriptor '/home/pitosalas/linorobot2_hardware/firmware/install/my_custom_message/share/my_custom_message/hook/ld_library_path_lib.dsv'
[38.512s] INFO:colcon.colcon_core.shell:Creating environment hook '/home/pitosalas/linorobot2_hardware/firmware/install/my_custom_message/share/my_custom_message/hook/ld_library_path_lib.sh'
[38.514s] Level 1:colcon.colcon_core.environment:checking '/home/pitosalas/linorobot2_hardware/firmware/install/my_custom_message/bin'
[38.514s] Level 1:colcon.colcon_core.environment:checking '/home/pitosalas/linorobot2_hardware/firmware/install/my_custom_message/lib/pkgconfig/my_custom_message.pc'
[38.515s] Level 1:colcon.colcon_core.environment:checking '/home/pitosalas/linorobot2_hardware/firmware/install/my_custom_message/lib/python3.12/site-packages'
[38.515s] Level 1:colcon.colcon_core.shell:create_environment_hook('my_custom_message', 'pythonpath')
[38.516s] INFO:colcon.colcon_core.shell:Creating environment hook '/home/pitosalas/linorobot2_hardware/firmware/install/my_custom_message/share/my_custom_message/hook/pythonpath.ps1'
[38.518s] INFO:colcon.colcon_core.shell:Creating environment descriptor '/home/pitosalas/linorobot2_hardware/firmware/install/my_custom_message/share/my_custom_message/hook/pythonpath.dsv'
[38.519s] INFO:colcon.colcon_core.shell:Creating environment hook '/home/pitosalas/linorobot2_hardware/firmware/install/my_custom_message/share/my_custom_message/hook/pythonpath.sh'
[38.522s] Level 1:colcon.colcon_core.environment:checking '/home/pitosalas/linorobot2_hardware/firmware/install/my_custom_message/bin'
[38.523s] INFO:colcon.colcon_core.shell:Creating package script '/home/pitosalas/linorobot2_hardware/firmware/install/my_custom_message/share/my_custom_message/package.ps1'
[38.525s] INFO:colcon.colcon_core.shell:Creating package descriptor '/home/pitosalas/linorobot2_hardware/firmware/install/my_custom_message/share/my_custom_message/package.dsv'
[38.527s] INFO:colcon.colcon_core.shell:Creating package script '/home/pitosalas/linorobot2_hardware/firmware/install/my_custom_message/share/my_custom_message/package.sh'
[38.530s] INFO:colcon.colcon_core.shell:Creating package script '/home/pitosalas/linorobot2_hardware/firmware/install/my_custom_message/share/my_custom_message/package.bash'
[38.531s] INFO:colcon.colcon_core.shell:Creating package script '/home/pitosalas/linorobot2_hardware/firmware/install/my_custom_message/share/my_custom_message/package.zsh'
[38.533s] Level 1:colcon.colcon_core.environment:create_file_with_runtime_dependencies(/home/pitosalas/linorobot2_hardware/firmware/install/my_custom_message/share/colcon-core/packages/my_custom_message)
[38.534s] DEBUG:colcon.colcon_parallel_executor.executor.parallel:closing loop
[38.536s] DEBUG:colcon.colcon_parallel_executor.executor.parallel:loop closed
[38.536s] DEBUG:colcon.colcon_parallel_executor.executor.parallel:run_until_complete finished with '0'
[38.537s] DEBUG:colcon.colcon_core.event_reactor:joining thread
[38.563s] INFO:colcon.colcon_core.plugin_system:Skipping extension 'colcon_notification.desktop_notification.notify_send': Could not find 'notify-send'
[38.563s] INFO:colcon.colcon_core.plugin_system:Skipping extension 'colcon_notification.desktop_notification.terminal_notifier': Not used on non-Darwin systems
[38.563s] INFO:colcon.colcon_core.plugin_system:Skipping extension 'colcon_notification.desktop_notification.win32': Not used on non-Windows systems
[38.564s] INFO:colcon.colcon_notification.desktop_notification:Sending desktop notification using 'notify2'
[38.567s] DEBUG:colcon.colcon_notification.desktop_notification.notify2:Failed to initialize notify2: org.freedesktop.DBus.Error.ServiceUnknown: The name org.freedesktop.Notifications was not provided by any .service files
[38.567s] DEBUG:colcon.colcon_core.event_reactor:joined thread
[38.568s] INFO:colcon.colcon_core.shell:Creating prefix script '/home/pitosalas/linorobot2_hardware/firmware/install/local_setup.ps1'
[38.571s] INFO:colcon.colcon_core.shell:Creating prefix util module '/home/pitosalas/linorobot2_hardware/firmware/install/_local_setup_util_ps1.py'
[38.575s] INFO:colcon.colcon_core.shell:Creating prefix chain script '/home/pitosalas/linorobot2_hardware/firmware/install/setup.ps1'
[38.585s] INFO:colcon.colcon_core.shell:Creating prefix script '/home/pitosalas/linorobot2_hardware/firmware/install/local_setup.sh'
[38.587s] INFO:colcon.colcon_core.shell:Creating prefix util module '/home/pitosalas/linorobot2_hardware/firmware/install/_local_setup_util_sh.py'
[38.590s] INFO:colcon.colcon_core.shell:Creating prefix chain script '/home/pitosalas/linorobot2_hardware/firmware/install/setup.sh'
[38.597s] INFO:colcon.colcon_core.shell:Creating prefix script '/home/pitosalas/linorobot2_hardware/firmware/install/local_setup.bash'
[38.599s] INFO:colcon.colcon_core.shell:Creating prefix chain script '/home/pitosalas/linorobot2_hardware/firmware/install/setup.bash'
[38.607s] INFO:colcon.colcon_core.shell:Creating prefix script '/home/pitosalas/linorobot2_hardware/firmware/install/local_setup.zsh'
[38.609s] INFO:colcon.colcon_core.shell:Creating prefix chain script '/home/pitosalas/linorobot2_hardware/firmware/install/setup.zsh'
